Watching for file changes with StatReloader
Watching for file changes with StatReloader
D:\dev\study\Study_Django\seminars\seminars_project\_2_app\apps.py changed, reloading.
Watching for file changes with StatReloader
"GET / HTTP/1.1" 200 150
_2_app def rand100 38
"GET /2/rand100/ HTTP/1.1" 200 2
_2_app def rand100 47
"GET /2/rand100/ HTTP/1.1" 200 2
Watching for file changes with StatReloader
"GET /hw_1/about HTTP/1.1" 301 0
"GET /hw_1/about/ HTTP/1.1" 200 95
D:\dev\study\Study_Django\seminars\seminars_project\seminars_project\settings.py changed, reloading.
Watching for file changes with StatReloader
D:\dev\study\Study_Django\seminars\seminars_project\_2_app\models.py changed, reloading.
Watching for file changes with StatReloader
D:\dev\study\Study_Django\seminars\seminars_project\_2_app\models.py changed, reloading.
Watching for file changes with StatReloader
D:\dev\study\Study_Django\seminars\seminars_project\_2_app\models.py changed, reloading.
Watching for file changes with StatReloader
D:\dev\study\Study_Django\seminars\seminars_project\_2_app\models.py changed, reloading.
Watching for file changes with StatReloader
D:\dev\study\Study_Django\seminars\seminars_project\_2_app\models.py changed, reloading.
Watching for file changes with StatReloader
D:\dev\study\Study_Django\seminars\seminars_project\_2_app\models.py changed, reloading.
Watching for file changes with StatReloader
D:\dev\study\Study_Django\seminars\seminars_project\_2_app\models.py changed, reloading.
Watching for file changes with StatReloader
D:\dev\study\Study_Django\seminars\seminars_project\_2_app\models.py changed, reloading.
Watching for file changes with StatReloader
D:\dev\study\Study_Django\seminars\seminars_project\_2_app\models.py changed, reloading.
Watching for file changes with StatReloader
D:\dev\study\Study_Django\seminars\seminars_project\_2_app\models.py changed, reloading.
Watching for file changes with StatReloader
D:\dev\study\Study_Django\seminars\seminars_project\_2_app\models.py changed, reloading.
Watching for file changes with StatReloader
D:\dev\study\Study_Django\seminars\seminars_project\_2_app\models.py changed, reloading.
Watching for file changes with StatReloader
D:\dev\study\Study_Django\seminars\seminars_project\_2_app\models.py changed, reloading.
Watching for file changes with StatReloader
D:\dev\study\Study_Django\seminars\seminars_project\_2_app\models.py changed, reloading.
Watching for file changes with StatReloader
D:\dev\study\Study_Django\seminars\seminars_project\_2_app\models.py changed, reloading.
Watching for file changes with StatReloader
D:\dev\study\Study_Django\seminars\seminars_project\_2_app\models.py changed, reloading.
Watching for file changes with StatReloader
D:\dev\study\Study_Django\seminars\seminars_project\_2_app\models.py changed, reloading.
Watching for file changes with StatReloader
D:\dev\study\Study_Django\seminars\seminars_project\_2_app\models.py changed, reloading.
Watching for file changes with StatReloader
D:\dev\study\Study_Django\seminars\seminars_project\_2_app\models.py changed, reloading.
Watching for file changes with StatReloader
D:\dev\study\Study_Django\seminars\seminars_project\_2_app\models.py changed, reloading.
Watching for file changes with StatReloader
D:\dev\study\Study_Django\seminars\seminars_project\_2_app\models.py changed, reloading.
Watching for file changes with StatReloader
D:\dev\study\Study_Django\seminars\seminars_project\_2_app\models.py changed, reloading.
Watching for file changes with StatReloader
D:\dev\study\Study_Django\seminars\seminars_project\_2_app\models.py changed, reloading.
Watching for file changes with StatReloader
D:\dev\study\Study_Django\seminars\seminars_project\_2_app\models.py changed, reloading.
Watching for file changes with StatReloader
D:\dev\study\Study_Django\seminars\seminars_project\_2_app\models.py changed, reloading.
Watching for file changes with StatReloader
D:\dev\study\Study_Django\seminars\seminars_project\_2_app\models.py changed, reloading.
Watching for file changes with StatReloader
D:\dev\study\Study_Django\seminars\seminars_project\_2_app\models.py changed, reloading.
Watching for file changes with StatReloader
D:\dev\study\Study_Django\seminars\seminars_project\_2_app\models.py changed, reloading.
Watching for file changes with StatReloader
D:\dev\study\Study_Django\seminars\seminars_project\_2_app\models.py changed, reloading.
Watching for file changes with StatReloader
Watching for file changes with StatReloader
"GET / HTTP/1.1" 200 150
Not Found: /favicon.ico
"GET /favicon.ico HTTP/1.1" 404 2655
"GET / HTTP/1.1" 200 150
"GET /about HTTP/1.1" 301 0
"GET /about/ HTTP/1.1" 200 8
"GET /hw_1/about/ HTTP/1.1" 200 356
D:\dev\study\Study_Django\seminars\seminars_project\_hw_1_app\views.py changed, reloading.
Watching for file changes with StatReloader
Not Found: /hw_1/main
"GET /hw_1/main HTTP/1.1" 404 2881
D:\dev\study\Study_Django\seminars\seminars_project\_hw_1_app\urls.py changed, reloading.
Watching for file changes with StatReloader
"GET /hw_1/main HTTP/1.1" 301 0
Internal Server Error: /hw_1/main/
Traceback (most recent call last):
  File "C:\Users\f134s\.virtualenvs\Study_Django-XRlrXM7B\Lib\site-packages\django\core\handlers\exception.py", line 55, in inner
    response = get_response(request)
               ^^^^^^^^^^^^^^^^^^^^^
  File "C:\Users\f134s\.virtualenvs\Study_Django-XRlrXM7B\Lib\site-packages\django\core\handlers\base.py", line 197, in _get_response
    response = wrapped_callback(request, *callback_args, **callback_kwargs)
               ^^^^^^^^^^^^^^^^^^^^^^^^^^^^^^^^^^^^^^^^^^^^^^^^^^^^^^^^^^^^
  File "D:\dev\study\Study_Django\seminars\seminars_project\_hw_1_app\views.py", line 14, in main
    return render(request, '_hw_1_app/about.html', name="Nikolay")
           ^^^^^^^^^^^^^^^^^^^^^^^^^^^^^^^^^^^^^^^^^^^^^^^^^^^^^^^
TypeError: render() got an unexpected keyword argument 'name'
"GET /hw_1/main/ HTTP/1.1" 500 65277
D:\dev\study\Study_Django\seminars\seminars_project\_hw_1_app\views.py changed, reloading.
Watching for file changes with StatReloader
"GET /hw_1/main/ HTTP/1.1" 200 322
D:\dev\study\Study_Django\seminars\seminars_project\_hw_1_app\views.py changed, reloading.
Watching for file changes with StatReloader
"GET /hw_1/main/ HTTP/1.1" 200 289
D:\dev\study\Study_Django\seminars\seminars_project\_hw_1_app\views.py changed, reloading.
Watching for file changes with StatReloader
Watching for file changes with StatReloader
Not Found: /favicon.ico
"GET /favicon.ico HTTP/1.1" 404 2655
Internal Server Error: /hw_1/main/
Traceback (most recent call last):
  File "C:\Users\f134s\.virtualenvs\Study_Django-XRlrXM7B\Lib\site-packages\django\template\base.py", line 505, in parse
    compile_func = self.tags[command]
                   ~~~~~~~~~^^^^^^^^^
KeyError: 'extendeds'

During handling of the above exception, another exception occurred:

Traceback (most recent call last):
  File "C:\Users\f134s\.virtualenvs\Study_Django-XRlrXM7B\Lib\site-packages\django\core\handlers\exception.py", line 55, in inner
    response = get_response(request)
               ^^^^^^^^^^^^^^^^^^^^^
  File "C:\Users\f134s\.virtualenvs\Study_Django-XRlrXM7B\Lib\site-packages\django\core\handlers\base.py", line 197, in _get_response
    response = wrapped_callback(request, *callback_args, **callback_kwargs)
               ^^^^^^^^^^^^^^^^^^^^^^^^^^^^^^^^^^^^^^^^^^^^^^^^^^^^^^^^^^^^
  File "D:\dev\study\Study_Django\seminars\seminars_project\_hw_1_app\views.py", line 14, in main
    return render(request, '_hw_1_app/main.html', context)
           ^^^^^^^^^^^^^^^^^^^^^^^^^^^^^^^^^^^^^^^^^^^^^^^
  File "C:\Users\f134s\.virtualenvs\Study_Django-XRlrXM7B\Lib\site-packages\django\shortcuts.py", line 24, in render
    content = loader.render_to_string(template_name, context, request, using=using)
              ^^^^^^^^^^^^^^^^^^^^^^^^^^^^^^^^^^^^^^^^^^^^^^^^^^^^^^^^^^^^^^^^^^^^^
  File "C:\Users\f134s\.virtualenvs\Study_Django-XRlrXM7B\Lib\site-packages\django\template\loader.py", line 61, in render_to_string
    template = get_template(template_name, using=using)
               ^^^^^^^^^^^^^^^^^^^^^^^^^^^^^^^^^^^^^^^^
  File "C:\Users\f134s\.virtualenvs\Study_Django-XRlrXM7B\Lib\site-packages\django\template\loader.py", line 15, in get_template
    return engine.get_template(template_name)
           ^^^^^^^^^^^^^^^^^^^^^^^^^^^^^^^^^^
  File "C:\Users\f134s\.virtualenvs\Study_Django-XRlrXM7B\Lib\site-packages\django\template\backends\django.py", line 33, in get_template
    return Template(self.engine.get_template(template_name), self)
                    ^^^^^^^^^^^^^^^^^^^^^^^^^^^^^^^^^^^^^^^
  File "C:\Users\f134s\.virtualenvs\Study_Django-XRlrXM7B\Lib\site-packages\django\template\engine.py", line 175, in get_template
    template, origin = self.find_template(template_name)
                       ^^^^^^^^^^^^^^^^^^^^^^^^^^^^^^^^^
  File "C:\Users\f134s\.virtualenvs\Study_Django-XRlrXM7B\Lib\site-packages\django\template\engine.py", line 157, in find_template
    template = loader.get_template(name, skip=skip)
               ^^^^^^^^^^^^^^^^^^^^^^^^^^^^^^^^^^^^
  File "C:\Users\f134s\.virtualenvs\Study_Django-XRlrXM7B\Lib\site-packages\django\template\loaders\cached.py", line 57, in get_template
    template = super().get_template(template_name, skip)
               ^^^^^^^^^^^^^^^^^^^^^^^^^^^^^^^^^^^^^^^^^
  File "C:\Users\f134s\.virtualenvs\Study_Django-XRlrXM7B\Lib\site-packages\django\template\loaders\base.py", line 28, in get_template
    return Template(
           ^^^^^^^^^
  File "C:\Users\f134s\.virtualenvs\Study_Django-XRlrXM7B\Lib\site-packages\django\template\base.py", line 154, in __init__
    self.nodelist = self.compile_nodelist()
                    ^^^^^^^^^^^^^^^^^^^^^^^
  File "C:\Users\f134s\.virtualenvs\Study_Django-XRlrXM7B\Lib\site-packages\django\template\base.py", line 200, in compile_nodelist
    return parser.parse()
           ^^^^^^^^^^^^^^
  File "C:\Users\f134s\.virtualenvs\Study_Django-XRlrXM7B\Lib\site-packages\django\template\base.py", line 507, in parse
    self.invalid_block_tag(token, command, parse_until)
  File "C:\Users\f134s\.virtualenvs\Study_Django-XRlrXM7B\Lib\site-packages\django\template\base.py", line 568, in invalid_block_tag
    raise self.error(
django.template.exceptions.TemplateSyntaxError: Invalid block tag on line 14: 'extendeds'. Did you forget to register or load this tag?
"GET /hw_1/main/ HTTP/1.1" 500 137320
Internal Server Error: /hw_1/main/
Traceback (most recent call last):
  File "C:\Users\f134s\.virtualenvs\Study_Django-XRlrXM7B\Lib\site-packages\django\template\base.py", line 505, in parse
    compile_func = self.tags[command]
                   ~~~~~~~~~^^^^^^^^^
KeyError: 'extendeds'

During handling of the above exception, another exception occurred:

Traceback (most recent call last):
  File "C:\Users\f134s\.virtualenvs\Study_Django-XRlrXM7B\Lib\site-packages\django\core\handlers\exception.py", line 55, in inner
    response = get_response(request)
               ^^^^^^^^^^^^^^^^^^^^^
  File "C:\Users\f134s\.virtualenvs\Study_Django-XRlrXM7B\Lib\site-packages\django\core\handlers\base.py", line 197, in _get_response
    response = wrapped_callback(request, *callback_args, **callback_kwargs)
               ^^^^^^^^^^^^^^^^^^^^^^^^^^^^^^^^^^^^^^^^^^^^^^^^^^^^^^^^^^^^
  File "D:\dev\study\Study_Django\seminars\seminars_project\_hw_1_app\views.py", line 14, in main
    return render(request, '_hw_1_app/main.html', context)
           ^^^^^^^^^^^^^^^^^^^^^^^^^^^^^^^^^^^^^^^^^^^^^^^
  File "C:\Users\f134s\.virtualenvs\Study_Django-XRlrXM7B\Lib\site-packages\django\shortcuts.py", line 24, in render
    content = loader.render_to_string(template_name, context, request, using=using)
              ^^^^^^^^^^^^^^^^^^^^^^^^^^^^^^^^^^^^^^^^^^^^^^^^^^^^^^^^^^^^^^^^^^^^^
  File "C:\Users\f134s\.virtualenvs\Study_Django-XRlrXM7B\Lib\site-packages\django\template\loader.py", line 61, in render_to_string
    template = get_template(template_name, using=using)
               ^^^^^^^^^^^^^^^^^^^^^^^^^^^^^^^^^^^^^^^^
  File "C:\Users\f134s\.virtualenvs\Study_Django-XRlrXM7B\Lib\site-packages\django\template\loader.py", line 15, in get_template
    return engine.get_template(template_name)
           ^^^^^^^^^^^^^^^^^^^^^^^^^^^^^^^^^^
  File "C:\Users\f134s\.virtualenvs\Study_Django-XRlrXM7B\Lib\site-packages\django\template\backends\django.py", line 33, in get_template
    return Template(self.engine.get_template(template_name), self)
                    ^^^^^^^^^^^^^^^^^^^^^^^^^^^^^^^^^^^^^^^
  File "C:\Users\f134s\.virtualenvs\Study_Django-XRlrXM7B\Lib\site-packages\django\template\engine.py", line 175, in get_template
    template, origin = self.find_template(template_name)
                       ^^^^^^^^^^^^^^^^^^^^^^^^^^^^^^^^^
  File "C:\Users\f134s\.virtualenvs\Study_Django-XRlrXM7B\Lib\site-packages\django\template\engine.py", line 157, in find_template
    template = loader.get_template(name, skip=skip)
               ^^^^^^^^^^^^^^^^^^^^^^^^^^^^^^^^^^^^
  File "C:\Users\f134s\.virtualenvs\Study_Django-XRlrXM7B\Lib\site-packages\django\template\loaders\cached.py", line 57, in get_template
    template = super().get_template(template_name, skip)
               ^^^^^^^^^^^^^^^^^^^^^^^^^^^^^^^^^^^^^^^^^
  File "C:\Users\f134s\.virtualenvs\Study_Django-XRlrXM7B\Lib\site-packages\django\template\loaders\base.py", line 28, in get_template
    return Template(
           ^^^^^^^^^
  File "C:\Users\f134s\.virtualenvs\Study_Django-XRlrXM7B\Lib\site-packages\django\template\base.py", line 154, in __init__
    self.nodelist = self.compile_nodelist()
                    ^^^^^^^^^^^^^^^^^^^^^^^
  File "C:\Users\f134s\.virtualenvs\Study_Django-XRlrXM7B\Lib\site-packages\django\template\base.py", line 200, in compile_nodelist
    return parser.parse()
           ^^^^^^^^^^^^^^
  File "C:\Users\f134s\.virtualenvs\Study_Django-XRlrXM7B\Lib\site-packages\django\template\base.py", line 507, in parse
    self.invalid_block_tag(token, command, parse_until)
  File "C:\Users\f134s\.virtualenvs\Study_Django-XRlrXM7B\Lib\site-packages\django\template\base.py", line 568, in invalid_block_tag
    raise self.error(
django.template.exceptions.TemplateSyntaxError: Invalid block tag on line 14: 'extendeds'. Did you forget to register or load this tag?
"GET /hw_1/main/ HTTP/1.1" 500 137897
D:\dev\study\Study_Django\seminars\seminars_project\_hw_1_app\views.py changed, reloading.
Watching for file changes with StatReloader
Internal Server Error: /hw_1/main/
Traceback (most recent call last):
  File "C:\Users\f134s\.virtualenvs\Study_Django-XRlrXM7B\Lib\site-packages\django\template\base.py", line 505, in parse
    compile_func = self.tags[command]
                   ~~~~~~~~~^^^^^^^^^
KeyError: 'extendeds'

During handling of the above exception, another exception occurred:

Traceback (most recent call last):
  File "C:\Users\f134s\.virtualenvs\Study_Django-XRlrXM7B\Lib\site-packages\django\core\handlers\exception.py", line 55, in inner
    response = get_response(request)
               ^^^^^^^^^^^^^^^^^^^^^
  File "C:\Users\f134s\.virtualenvs\Study_Django-XRlrXM7B\Lib\site-packages\django\core\handlers\base.py", line 197, in _get_response
    response = wrapped_callback(request, *callback_args, **callback_kwargs)
               ^^^^^^^^^^^^^^^^^^^^^^^^^^^^^^^^^^^^^^^^^^^^^^^^^^^^^^^^^^^^
  File "D:\dev\study\Study_Django\seminars\seminars_project\_hw_1_app\views.py", line 14, in main
    return render(request, '_hw_1_app/main.html', context)
           ^^^^^^^^^^^^^^^^^^^^^^^^^^^^^^^^^^^^^^^^^^^^^^^
  File "C:\Users\f134s\.virtualenvs\Study_Django-XRlrXM7B\Lib\site-packages\django\shortcuts.py", line 24, in render
    content = loader.render_to_string(template_name, context, request, using=using)
              ^^^^^^^^^^^^^^^^^^^^^^^^^^^^^^^^^^^^^^^^^^^^^^^^^^^^^^^^^^^^^^^^^^^^^
  File "C:\Users\f134s\.virtualenvs\Study_Django-XRlrXM7B\Lib\site-packages\django\template\loader.py", line 61, in render_to_string
    template = get_template(template_name, using=using)
               ^^^^^^^^^^^^^^^^^^^^^^^^^^^^^^^^^^^^^^^^
  File "C:\Users\f134s\.virtualenvs\Study_Django-XRlrXM7B\Lib\site-packages\django\template\loader.py", line 15, in get_template
    return engine.get_template(template_name)
           ^^^^^^^^^^^^^^^^^^^^^^^^^^^^^^^^^^
  File "C:\Users\f134s\.virtualenvs\Study_Django-XRlrXM7B\Lib\site-packages\django\template\backends\django.py", line 33, in get_template
    return Template(self.engine.get_template(template_name), self)
                    ^^^^^^^^^^^^^^^^^^^^^^^^^^^^^^^^^^^^^^^
  File "C:\Users\f134s\.virtualenvs\Study_Django-XRlrXM7B\Lib\site-packages\django\template\engine.py", line 175, in get_template
    template, origin = self.find_template(template_name)
                       ^^^^^^^^^^^^^^^^^^^^^^^^^^^^^^^^^
  File "C:\Users\f134s\.virtualenvs\Study_Django-XRlrXM7B\Lib\site-packages\django\template\engine.py", line 157, in find_template
    template = loader.get_template(name, skip=skip)
               ^^^^^^^^^^^^^^^^^^^^^^^^^^^^^^^^^^^^
  File "C:\Users\f134s\.virtualenvs\Study_Django-XRlrXM7B\Lib\site-packages\django\template\loaders\cached.py", line 57, in get_template
    template = super().get_template(template_name, skip)
               ^^^^^^^^^^^^^^^^^^^^^^^^^^^^^^^^^^^^^^^^^
  File "C:\Users\f134s\.virtualenvs\Study_Django-XRlrXM7B\Lib\site-packages\django\template\loaders\base.py", line 28, in get_template
    return Template(
           ^^^^^^^^^
  File "C:\Users\f134s\.virtualenvs\Study_Django-XRlrXM7B\Lib\site-packages\django\template\base.py", line 154, in __init__
    self.nodelist = self.compile_nodelist()
                    ^^^^^^^^^^^^^^^^^^^^^^^
  File "C:\Users\f134s\.virtualenvs\Study_Django-XRlrXM7B\Lib\site-packages\django\template\base.py", line 200, in compile_nodelist
    return parser.parse()
           ^^^^^^^^^^^^^^
  File "C:\Users\f134s\.virtualenvs\Study_Django-XRlrXM7B\Lib\site-packages\django\template\base.py", line 507, in parse
    self.invalid_block_tag(token, command, parse_until)
  File "C:\Users\f134s\.virtualenvs\Study_Django-XRlrXM7B\Lib\site-packages\django\template\base.py", line 568, in invalid_block_tag
    raise self.error(
django.template.exceptions.TemplateSyntaxError: Invalid block tag on line 14: 'extendeds'. Did you forget to register or load this tag?
"GET /hw_1/main/ HTTP/1.1" 500 138002
Internal Server Error: /hw_1/about/
Traceback (most recent call last):
  File "C:\Users\f134s\.virtualenvs\Study_Django-XRlrXM7B\Lib\site-packages\django\template\base.py", line 505, in parse
    compile_func = self.tags[command]
                   ~~~~~~~~~^^^^^^^^^
KeyError: 'extendeds'

During handling of the above exception, another exception occurred:

Traceback (most recent call last):
  File "C:\Users\f134s\.virtualenvs\Study_Django-XRlrXM7B\Lib\site-packages\django\core\handlers\exception.py", line 55, in inner
    response = get_response(request)
               ^^^^^^^^^^^^^^^^^^^^^
  File "C:\Users\f134s\.virtualenvs\Study_Django-XRlrXM7B\Lib\site-packages\django\core\handlers\base.py", line 197, in _get_response
    response = wrapped_callback(request, *callback_args, **callback_kwargs)
               ^^^^^^^^^^^^^^^^^^^^^^^^^^^^^^^^^^^^^^^^^^^^^^^^^^^^^^^^^^^^
  File "D:\dev\study\Study_Django\seminars\seminars_project\_hw_1_app\views.py", line 25, in about
    return render(request, '_hw_1_app/about.html', context)
           ^^^^^^^^^^^^^^^^^^^^^^^^^^^^^^^^^^^^^^^^^^^^^^^^
  File "C:\Users\f134s\.virtualenvs\Study_Django-XRlrXM7B\Lib\site-packages\django\shortcuts.py", line 24, in render
    content = loader.render_to_string(template_name, context, request, using=using)
              ^^^^^^^^^^^^^^^^^^^^^^^^^^^^^^^^^^^^^^^^^^^^^^^^^^^^^^^^^^^^^^^^^^^^^
  File "C:\Users\f134s\.virtualenvs\Study_Django-XRlrXM7B\Lib\site-packages\django\template\loader.py", line 61, in render_to_string
    template = get_template(template_name, using=using)
               ^^^^^^^^^^^^^^^^^^^^^^^^^^^^^^^^^^^^^^^^
  File "C:\Users\f134s\.virtualenvs\Study_Django-XRlrXM7B\Lib\site-packages\django\template\loader.py", line 15, in get_template
    return engine.get_template(template_name)
           ^^^^^^^^^^^^^^^^^^^^^^^^^^^^^^^^^^
  File "C:\Users\f134s\.virtualenvs\Study_Django-XRlrXM7B\Lib\site-packages\django\template\backends\django.py", line 33, in get_template
    return Template(self.engine.get_template(template_name), self)
                    ^^^^^^^^^^^^^^^^^^^^^^^^^^^^^^^^^^^^^^^
  File "C:\Users\f134s\.virtualenvs\Study_Django-XRlrXM7B\Lib\site-packages\django\template\engine.py", line 175, in get_template
    template, origin = self.find_template(template_name)
                       ^^^^^^^^^^^^^^^^^^^^^^^^^^^^^^^^^
  File "C:\Users\f134s\.virtualenvs\Study_Django-XRlrXM7B\Lib\site-packages\django\template\engine.py", line 157, in find_template
    template = loader.get_template(name, skip=skip)
               ^^^^^^^^^^^^^^^^^^^^^^^^^^^^^^^^^^^^
  File "C:\Users\f134s\.virtualenvs\Study_Django-XRlrXM7B\Lib\site-packages\django\template\loaders\cached.py", line 57, in get_template
    template = super().get_template(template_name, skip)
               ^^^^^^^^^^^^^^^^^^^^^^^^^^^^^^^^^^^^^^^^^
  File "C:\Users\f134s\.virtualenvs\Study_Django-XRlrXM7B\Lib\site-packages\django\template\loaders\base.py", line 28, in get_template
    return Template(
           ^^^^^^^^^
  File "C:\Users\f134s\.virtualenvs\Study_Django-XRlrXM7B\Lib\site-packages\django\template\base.py", line 154, in __init__
    self.nodelist = self.compile_nodelist()
                    ^^^^^^^^^^^^^^^^^^^^^^^
  File "C:\Users\f134s\.virtualenvs\Study_Django-XRlrXM7B\Lib\site-packages\django\template\base.py", line 200, in compile_nodelist
    return parser.parse()
           ^^^^^^^^^^^^^^
  File "C:\Users\f134s\.virtualenvs\Study_Django-XRlrXM7B\Lib\site-packages\django\template\base.py", line 507, in parse
    self.invalid_block_tag(token, command, parse_until)
  File "C:\Users\f134s\.virtualenvs\Study_Django-XRlrXM7B\Lib\site-packages\django\template\base.py", line 568, in invalid_block_tag
    raise self.error(
django.template.exceptions.TemplateSyntaxError: Invalid block tag on line 18: 'extendeds'. Did you forget to register or load this tag?
"GET /hw_1/about/ HTTP/1.1" 500 140194
Internal Server Error: /hw_1/about/
Traceback (most recent call last):
  File "C:\Users\f134s\.virtualenvs\Study_Django-XRlrXM7B\Lib\site-packages\django\core\handlers\exception.py", line 55, in inner
    response = get_response(request)
               ^^^^^^^^^^^^^^^^^^^^^
  File "C:\Users\f134s\.virtualenvs\Study_Django-XRlrXM7B\Lib\site-packages\django\core\handlers\base.py", line 197, in _get_response
    response = wrapped_callback(request, *callback_args, **callback_kwargs)
               ^^^^^^^^^^^^^^^^^^^^^^^^^^^^^^^^^^^^^^^^^^^^^^^^^^^^^^^^^^^^
  File "D:\dev\study\Study_Django\seminars\seminars_project\_hw_1_app\views.py", line 25, in about
    return render(request, '_hw_1_app/about.html', context)
           ^^^^^^^^^^^^^^^^^^^^^^^^^^^^^^^^^^^^^^^^^^^^^^^^
  File "C:\Users\f134s\.virtualenvs\Study_Django-XRlrXM7B\Lib\site-packages\django\shortcuts.py", line 24, in render
    content = loader.render_to_string(template_name, context, request, using=using)
              ^^^^^^^^^^^^^^^^^^^^^^^^^^^^^^^^^^^^^^^^^^^^^^^^^^^^^^^^^^^^^^^^^^^^^
  File "C:\Users\f134s\.virtualenvs\Study_Django-XRlrXM7B\Lib\site-packages\django\template\loader.py", line 61, in render_to_string
    template = get_template(template_name, using=using)
               ^^^^^^^^^^^^^^^^^^^^^^^^^^^^^^^^^^^^^^^^
  File "C:\Users\f134s\.virtualenvs\Study_Django-XRlrXM7B\Lib\site-packages\django\template\loader.py", line 15, in get_template
    return engine.get_template(template_name)
           ^^^^^^^^^^^^^^^^^^^^^^^^^^^^^^^^^^
  File "C:\Users\f134s\.virtualenvs\Study_Django-XRlrXM7B\Lib\site-packages\django\template\backends\django.py", line 33, in get_template
    return Template(self.engine.get_template(template_name), self)
                    ^^^^^^^^^^^^^^^^^^^^^^^^^^^^^^^^^^^^^^^
  File "C:\Users\f134s\.virtualenvs\Study_Django-XRlrXM7B\Lib\site-packages\django\template\engine.py", line 175, in get_template
    template, origin = self.find_template(template_name)
                       ^^^^^^^^^^^^^^^^^^^^^^^^^^^^^^^^^
  File "C:\Users\f134s\.virtualenvs\Study_Django-XRlrXM7B\Lib\site-packages\django\template\engine.py", line 157, in find_template
    template = loader.get_template(name, skip=skip)
               ^^^^^^^^^^^^^^^^^^^^^^^^^^^^^^^^^^^^
  File "C:\Users\f134s\.virtualenvs\Study_Django-XRlrXM7B\Lib\site-packages\django\template\loaders\cached.py", line 57, in get_template
    template = super().get_template(template_name, skip)
               ^^^^^^^^^^^^^^^^^^^^^^^^^^^^^^^^^^^^^^^^^
  File "C:\Users\f134s\.virtualenvs\Study_Django-XRlrXM7B\Lib\site-packages\django\template\loaders\base.py", line 28, in get_template
    return Template(
           ^^^^^^^^^
  File "C:\Users\f134s\.virtualenvs\Study_Django-XRlrXM7B\Lib\site-packages\django\template\base.py", line 154, in __init__
    self.nodelist = self.compile_nodelist()
                    ^^^^^^^^^^^^^^^^^^^^^^^
  File "C:\Users\f134s\.virtualenvs\Study_Django-XRlrXM7B\Lib\site-packages\django\template\base.py", line 200, in compile_nodelist
    return parser.parse()
           ^^^^^^^^^^^^^^
  File "C:\Users\f134s\.virtualenvs\Study_Django-XRlrXM7B\Lib\site-packages\django\template\base.py", line 514, in parse
    self.extend_nodelist(nodelist, compiled_result, token)
  File "C:\Users\f134s\.virtualenvs\Study_Django-XRlrXM7B\Lib\site-packages\django\template\base.py", line 531, in extend_nodelist
    raise self.error(
django.template.exceptions.TemplateSyntaxError: <ExtendsNode: extends '_hw_1_app/base.html'> must be the first tag in the template.
"GET /hw_1/about/ HTTP/1.1" 500 132756
Watching for file changes with StatReloader
Internal Server Error: /hw_1/about/
Traceback (most recent call last):
  File "C:\Users\f134s\.virtualenvs\Study_Django-XRlrXM7B\Lib\site-packages\django\core\handlers\exception.py", line 55, in inner
    response = get_response(request)
               ^^^^^^^^^^^^^^^^^^^^^
  File "C:\Users\f134s\.virtualenvs\Study_Django-XRlrXM7B\Lib\site-packages\django\core\handlers\base.py", line 197, in _get_response
    response = wrapped_callback(request, *callback_args, **callback_kwargs)
               ^^^^^^^^^^^^^^^^^^^^^^^^^^^^^^^^^^^^^^^^^^^^^^^^^^^^^^^^^^^^
  File "D:\dev\study\Study_Django\seminars\seminars_project\_hw_1_app\views.py", line 25, in about
    return render(request, '_hw_1_app/about.html', context)
           ^^^^^^^^^^^^^^^^^^^^^^^^^^^^^^^^^^^^^^^^^^^^^^^^
  File "C:\Users\f134s\.virtualenvs\Study_Django-XRlrXM7B\Lib\site-packages\django\shortcuts.py", line 24, in render
    content = loader.render_to_string(template_name, context, request, using=using)
              ^^^^^^^^^^^^^^^^^^^^^^^^^^^^^^^^^^^^^^^^^^^^^^^^^^^^^^^^^^^^^^^^^^^^^
  File "C:\Users\f134s\.virtualenvs\Study_Django-XRlrXM7B\Lib\site-packages\django\template\loader.py", line 61, in render_to_string
    template = get_template(template_name, using=using)
               ^^^^^^^^^^^^^^^^^^^^^^^^^^^^^^^^^^^^^^^^
  File "C:\Users\f134s\.virtualenvs\Study_Django-XRlrXM7B\Lib\site-packages\django\template\loader.py", line 15, in get_template
    return engine.get_template(template_name)
           ^^^^^^^^^^^^^^^^^^^^^^^^^^^^^^^^^^
  File "C:\Users\f134s\.virtualenvs\Study_Django-XRlrXM7B\Lib\site-packages\django\template\backends\django.py", line 33, in get_template
    return Template(self.engine.get_template(template_name), self)
                    ^^^^^^^^^^^^^^^^^^^^^^^^^^^^^^^^^^^^^^^
  File "C:\Users\f134s\.virtualenvs\Study_Django-XRlrXM7B\Lib\site-packages\django\template\engine.py", line 175, in get_template
    template, origin = self.find_template(template_name)
                       ^^^^^^^^^^^^^^^^^^^^^^^^^^^^^^^^^
  File "C:\Users\f134s\.virtualenvs\Study_Django-XRlrXM7B\Lib\site-packages\django\template\engine.py", line 157, in find_template
    template = loader.get_template(name, skip=skip)
               ^^^^^^^^^^^^^^^^^^^^^^^^^^^^^^^^^^^^
  File "C:\Users\f134s\.virtualenvs\Study_Django-XRlrXM7B\Lib\site-packages\django\template\loaders\cached.py", line 57, in get_template
    template = super().get_template(template_name, skip)
               ^^^^^^^^^^^^^^^^^^^^^^^^^^^^^^^^^^^^^^^^^
  File "C:\Users\f134s\.virtualenvs\Study_Django-XRlrXM7B\Lib\site-packages\django\template\loaders\base.py", line 28, in get_template
    return Template(
           ^^^^^^^^^
  File "C:\Users\f134s\.virtualenvs\Study_Django-XRlrXM7B\Lib\site-packages\django\template\base.py", line 154, in __init__
    self.nodelist = self.compile_nodelist()
                    ^^^^^^^^^^^^^^^^^^^^^^^
  File "C:\Users\f134s\.virtualenvs\Study_Django-XRlrXM7B\Lib\site-packages\django\template\base.py", line 200, in compile_nodelist
    return parser.parse()
           ^^^^^^^^^^^^^^
  File "C:\Users\f134s\.virtualenvs\Study_Django-XRlrXM7B\Lib\site-packages\django\template\base.py", line 514, in parse
    self.extend_nodelist(nodelist, compiled_result, token)
  File "C:\Users\f134s\.virtualenvs\Study_Django-XRlrXM7B\Lib\site-packages\django\template\base.py", line 531, in extend_nodelist
    raise self.error(
django.template.exceptions.TemplateSyntaxError: <ExtendsNode: extends '_hw_1_app/base.html'> must be the first tag in the template.
"GET /hw_1/about/ HTTP/1.1" 500 132756
Internal Server Error: /hw_1/about/
Traceback (most recent call last):
  File "C:\Users\f134s\.virtualenvs\Study_Django-XRlrXM7B\Lib\site-packages\django\core\handlers\exception.py", line 55, in inner
    response = get_response(request)
               ^^^^^^^^^^^^^^^^^^^^^
  File "C:\Users\f134s\.virtualenvs\Study_Django-XRlrXM7B\Lib\site-packages\django\core\handlers\base.py", line 197, in _get_response
    response = wrapped_callback(request, *callback_args, **callback_kwargs)
               ^^^^^^^^^^^^^^^^^^^^^^^^^^^^^^^^^^^^^^^^^^^^^^^^^^^^^^^^^^^^
  File "D:\dev\study\Study_Django\seminars\seminars_project\_hw_1_app\views.py", line 25, in about
    return render(request, '_hw_1_app/about.html', context)
           ^^^^^^^^^^^^^^^^^^^^^^^^^^^^^^^^^^^^^^^^^^^^^^^^
  File "C:\Users\f134s\.virtualenvs\Study_Django-XRlrXM7B\Lib\site-packages\django\shortcuts.py", line 24, in render
    content = loader.render_to_string(template_name, context, request, using=using)
              ^^^^^^^^^^^^^^^^^^^^^^^^^^^^^^^^^^^^^^^^^^^^^^^^^^^^^^^^^^^^^^^^^^^^^
  File "C:\Users\f134s\.virtualenvs\Study_Django-XRlrXM7B\Lib\site-packages\django\template\loader.py", line 61, in render_to_string
    template = get_template(template_name, using=using)
               ^^^^^^^^^^^^^^^^^^^^^^^^^^^^^^^^^^^^^^^^
  File "C:\Users\f134s\.virtualenvs\Study_Django-XRlrXM7B\Lib\site-packages\django\template\loader.py", line 15, in get_template
    return engine.get_template(template_name)
           ^^^^^^^^^^^^^^^^^^^^^^^^^^^^^^^^^^
  File "C:\Users\f134s\.virtualenvs\Study_Django-XRlrXM7B\Lib\site-packages\django\template\backends\django.py", line 33, in get_template
    return Template(self.engine.get_template(template_name), self)
                    ^^^^^^^^^^^^^^^^^^^^^^^^^^^^^^^^^^^^^^^
  File "C:\Users\f134s\.virtualenvs\Study_Django-XRlrXM7B\Lib\site-packages\django\template\engine.py", line 175, in get_template
    template, origin = self.find_template(template_name)
                       ^^^^^^^^^^^^^^^^^^^^^^^^^^^^^^^^^
  File "C:\Users\f134s\.virtualenvs\Study_Django-XRlrXM7B\Lib\site-packages\django\template\engine.py", line 157, in find_template
    template = loader.get_template(name, skip=skip)
               ^^^^^^^^^^^^^^^^^^^^^^^^^^^^^^^^^^^^
  File "C:\Users\f134s\.virtualenvs\Study_Django-XRlrXM7B\Lib\site-packages\django\template\loaders\cached.py", line 57, in get_template
    template = super().get_template(template_name, skip)
               ^^^^^^^^^^^^^^^^^^^^^^^^^^^^^^^^^^^^^^^^^
  File "C:\Users\f134s\.virtualenvs\Study_Django-XRlrXM7B\Lib\site-packages\django\template\loaders\base.py", line 28, in get_template
    return Template(
           ^^^^^^^^^
  File "C:\Users\f134s\.virtualenvs\Study_Django-XRlrXM7B\Lib\site-packages\django\template\base.py", line 154, in __init__
    self.nodelist = self.compile_nodelist()
                    ^^^^^^^^^^^^^^^^^^^^^^^
  File "C:\Users\f134s\.virtualenvs\Study_Django-XRlrXM7B\Lib\site-packages\django\template\base.py", line 200, in compile_nodelist
    return parser.parse()
           ^^^^^^^^^^^^^^
  File "C:\Users\f134s\.virtualenvs\Study_Django-XRlrXM7B\Lib\site-packages\django\template\base.py", line 514, in parse
    self.extend_nodelist(nodelist, compiled_result, token)
  File "C:\Users\f134s\.virtualenvs\Study_Django-XRlrXM7B\Lib\site-packages\django\template\base.py", line 531, in extend_nodelist
    raise self.error(
django.template.exceptions.TemplateSyntaxError: <ExtendsNode: extends '_hw_1_app/base.html'> must be the first tag in the template.
"GET /hw_1/about/ HTTP/1.1" 500 132753
Not Found: /favicon.ico
"GET /favicon.ico HTTP/1.1" 404 2655
"GET /hw_1/about/ HTTP/1.1" 200 456
"GET /hw_1/main/ HTTP/1.1" 200 390
D:\dev\study\Study_Django\seminars\seminars_project\_hw_1_app\views.py changed, reloading.
Watching for file changes with StatReloader
D:\dev\study\Study_Django\seminars\seminars_project\_hw_1_app\views.py changed, reloading.
Watching for file changes with StatReloader
D:\dev\study\Study_Django\seminars\seminars_project\_2_app\views.py changed, reloading.
Watching for file changes with StatReloader
D:\dev\study\Study_Django\seminars\seminars_project\_2_app\views.py changed, reloading.
Watching for file changes with StatReloader
Not Found: /2/chouse/
"GET /2/chouse/ HTTP/1.1" 404 3058
"GET /2/choice/ HTTP/1.1" 200 282
D:\dev\study\Study_Django\seminars\seminars_project\_2_app\views.py changed, reloading.
Watching for file changes with StatReloader
Not Found: /2/
"GET /2/ HTTP/1.1" 404 3037
"GET /2/cube HTTP/1.1" 301 0
"GET /2/cube/ HTTP/1.1" 200 273
"GET /2/rand100 HTTP/1.1" 301 0
"GET /2/rand100/ HTTP/1.1" 200 274
D:\dev\study\Study_Django\seminars\seminars_project\_2_app\urls.py changed, reloading.
Watching for file changes with StatReloader
D:\dev\study\Study_Django\seminars\seminars_project\_2_app\views.py changed, reloading.
Watching for file changes with StatReloader
D:\dev\study\Study_Django\seminars\seminars_project\_2_app\views.py changed, reloading.
Watching for file changes with StatReloader
D:\dev\study\Study_Django\seminars\seminars_project\_2_app\views.py changed, reloading.
Watching for file changes with StatReloader
D:\dev\study\Study_Django\seminars\seminars_project\_2_app\views.py changed, reloading.
Watching for file changes with StatReloader
D:\dev\study\Study_Django\seminars\seminars_project\_2_app\views.py changed, reloading.
Watching for file changes with StatReloader
D:\dev\study\Study_Django\seminars\seminars_project\_2_app\views.py changed, reloading.
Watching for file changes with StatReloader
D:\dev\study\Study_Django\seminars\seminars_project\_2_app\views.py changed, reloading.
Watching for file changes with StatReloader
Watching for file changes with StatReloader
Watching for file changes with StatReloader
Internal Server Error: /2/articles/2
Traceback (most recent call last):
  File "C:\Users\f134s\.virtualenvs\Study_Django-XRlrXM7B\Lib\site-packages\django\template\base.py", line 505, in parse
    compile_func = self.tags[command]
                   ~~~~~~~~~^^^^^^^^^
KeyError: 'else'

During handling of the above exception, another exception occurred:

Traceback (most recent call last):
  File "C:\Users\f134s\.virtualenvs\Study_Django-XRlrXM7B\Lib\site-packages\django\core\handlers\exception.py", line 55, in inner
    response = get_response(request)
               ^^^^^^^^^^^^^^^^^^^^^
  File "C:\Users\f134s\.virtualenvs\Study_Django-XRlrXM7B\Lib\site-packages\django\core\handlers\base.py", line 197, in _get_response
    response = wrapped_callback(request, *callback_args, **callback_kwargs)
               ^^^^^^^^^^^^^^^^^^^^^^^^^^^^^^^^^^^^^^^^^^^^^^^^^^^^^^^^^^^^
  File "D:\dev\study\Study_Django\seminars\seminars_project\_2_app\views.py", line 36, in get_articles
    return render(request, '_2_app/articles.html', context)
           ^^^^^^^^^^^^^^^^^^^^^^^^^^^^^^^^^^^^^^^^^^^^^^^^
  File "C:\Users\f134s\.virtualenvs\Study_Django-XRlrXM7B\Lib\site-packages\django\shortcuts.py", line 24, in render
    content = loader.render_to_string(template_name, context, request, using=using)
              ^^^^^^^^^^^^^^^^^^^^^^^^^^^^^^^^^^^^^^^^^^^^^^^^^^^^^^^^^^^^^^^^^^^^^
  File "C:\Users\f134s\.virtualenvs\Study_Django-XRlrXM7B\Lib\site-packages\django\template\loader.py", line 61, in render_to_string
    template = get_template(template_name, using=using)
               ^^^^^^^^^^^^^^^^^^^^^^^^^^^^^^^^^^^^^^^^
  File "C:\Users\f134s\.virtualenvs\Study_Django-XRlrXM7B\Lib\site-packages\django\template\loader.py", line 15, in get_template
    return engine.get_template(template_name)
           ^^^^^^^^^^^^^^^^^^^^^^^^^^^^^^^^^^
  File "C:\Users\f134s\.virtualenvs\Study_Django-XRlrXM7B\Lib\site-packages\django\template\backends\django.py", line 33, in get_template
    return Template(self.engine.get_template(template_name), self)
                    ^^^^^^^^^^^^^^^^^^^^^^^^^^^^^^^^^^^^^^^
  File "C:\Users\f134s\.virtualenvs\Study_Django-XRlrXM7B\Lib\site-packages\django\template\engine.py", line 175, in get_template
    template, origin = self.find_template(template_name)
                       ^^^^^^^^^^^^^^^^^^^^^^^^^^^^^^^^^
  File "C:\Users\f134s\.virtualenvs\Study_Django-XRlrXM7B\Lib\site-packages\django\template\engine.py", line 157, in find_template
    template = loader.get_template(name, skip=skip)
               ^^^^^^^^^^^^^^^^^^^^^^^^^^^^^^^^^^^^
  File "C:\Users\f134s\.virtualenvs\Study_Django-XRlrXM7B\Lib\site-packages\django\template\loaders\cached.py", line 57, in get_template
    template = super().get_template(template_name, skip)
               ^^^^^^^^^^^^^^^^^^^^^^^^^^^^^^^^^^^^^^^^^
  File "C:\Users\f134s\.virtualenvs\Study_Django-XRlrXM7B\Lib\site-packages\django\template\loaders\base.py", line 28, in get_template
    return Template(
           ^^^^^^^^^
  File "C:\Users\f134s\.virtualenvs\Study_Django-XRlrXM7B\Lib\site-packages\django\template\base.py", line 154, in __init__
    self.nodelist = self.compile_nodelist()
                    ^^^^^^^^^^^^^^^^^^^^^^^
  File "C:\Users\f134s\.virtualenvs\Study_Django-XRlrXM7B\Lib\site-packages\django\template\base.py", line 200, in compile_nodelist
    return parser.parse()
           ^^^^^^^^^^^^^^
  File "C:\Users\f134s\.virtualenvs\Study_Django-XRlrXM7B\Lib\site-packages\django\template\base.py", line 513, in parse
    raise self.error(token, e)
  File "C:\Users\f134s\.virtualenvs\Study_Django-XRlrXM7B\Lib\site-packages\django\template\base.py", line 511, in parse
    compiled_result = compile_func(self, token)
                      ^^^^^^^^^^^^^^^^^^^^^^^^^
  File "C:\Users\f134s\.virtualenvs\Study_Django-XRlrXM7B\Lib\site-packages\django\template\loader_tags.py", line 293, in do_extends
    nodelist = parser.parse()
               ^^^^^^^^^^^^^^
  File "C:\Users\f134s\.virtualenvs\Study_Django-XRlrXM7B\Lib\site-packages\django\template\base.py", line 513, in parse
    raise self.error(token, e)
  File "C:\Users\f134s\.virtualenvs\Study_Django-XRlrXM7B\Lib\site-packages\django\template\base.py", line 511, in parse
    compiled_result = compile_func(self, token)
                      ^^^^^^^^^^^^^^^^^^^^^^^^^
  File "C:\Users\f134s\.virtualenvs\Study_Django-XRlrXM7B\Lib\site-packages\django\template\loader_tags.py", line 232, in do_block
    nodelist = parser.parse(("endblock",))
               ^^^^^^^^^^^^^^^^^^^^^^^^^^^
  File "C:\Users\f134s\.virtualenvs\Study_Django-XRlrXM7B\Lib\site-packages\django\template\base.py", line 513, in parse
    raise self.error(token, e)
  File "C:\Users\f134s\.virtualenvs\Study_Django-XRlrXM7B\Lib\site-packages\django\template\base.py", line 511, in parse
    compiled_result = compile_func(self, token)
                      ^^^^^^^^^^^^^^^^^^^^^^^^^
  File "C:\Users\f134s\.virtualenvs\Study_Django-XRlrXM7B\Lib\site-packages\django\template\defaulttags.py", line 853, in do_for
    nodelist_loop = parser.parse(
                    ^^^^^^^^^^^^^
  File "C:\Users\f134s\.virtualenvs\Study_Django-XRlrXM7B\Lib\site-packages\django\template\base.py", line 507, in parse
    self.invalid_block_tag(token, command, parse_until)
  File "C:\Users\f134s\.virtualenvs\Study_Django-XRlrXM7B\Lib\site-packages\django\template\base.py", line 558, in invalid_block_tag
    raise self.error(
django.template.exceptions.TemplateSyntaxError: Invalid block tag on line 10: 'else', expected 'empty' or 'endfor'. Did you forget to register or load this tag?
"GET /2/articles/2 HTTP/1.1" 500 184392
Watching for file changes with StatReloader
Internal Server Error: /2/articles/2
Traceback (most recent call last):
  File "C:\Users\f134s\.virtualenvs\Study_Django-XRlrXM7B\Lib\site-packages\django\template\base.py", line 505, in parse
    compile_func = self.tags[command]
                   ~~~~~~~~~^^^^^^^^^
KeyError: 'else'

During handling of the above exception, another exception occurred:

Traceback (most recent call last):
  File "C:\Users\f134s\.virtualenvs\Study_Django-XRlrXM7B\Lib\site-packages\django\core\handlers\exception.py", line 55, in inner
    response = get_response(request)
               ^^^^^^^^^^^^^^^^^^^^^
  File "C:\Users\f134s\.virtualenvs\Study_Django-XRlrXM7B\Lib\site-packages\django\core\handlers\base.py", line 197, in _get_response
    response = wrapped_callback(request, *callback_args, **callback_kwargs)
               ^^^^^^^^^^^^^^^^^^^^^^^^^^^^^^^^^^^^^^^^^^^^^^^^^^^^^^^^^^^^
  File "D:\dev\study\Study_Django\seminars\seminars_project\_2_app\views.py", line 36, in get_articles
    return render(request, '_2_app/articles.html', context)
           ^^^^^^^^^^^^^^^^^^^^^^^^^^^^^^^^^^^^^^^^^^^^^^^^
  File "C:\Users\f134s\.virtualenvs\Study_Django-XRlrXM7B\Lib\site-packages\django\shortcuts.py", line 24, in render
    content = loader.render_to_string(template_name, context, request, using=using)
              ^^^^^^^^^^^^^^^^^^^^^^^^^^^^^^^^^^^^^^^^^^^^^^^^^^^^^^^^^^^^^^^^^^^^^
  File "C:\Users\f134s\.virtualenvs\Study_Django-XRlrXM7B\Lib\site-packages\django\template\loader.py", line 61, in render_to_string
    template = get_template(template_name, using=using)
               ^^^^^^^^^^^^^^^^^^^^^^^^^^^^^^^^^^^^^^^^
  File "C:\Users\f134s\.virtualenvs\Study_Django-XRlrXM7B\Lib\site-packages\django\template\loader.py", line 15, in get_template
    return engine.get_template(template_name)
           ^^^^^^^^^^^^^^^^^^^^^^^^^^^^^^^^^^
  File "C:\Users\f134s\.virtualenvs\Study_Django-XRlrXM7B\Lib\site-packages\django\template\backends\django.py", line 33, in get_template
    return Template(self.engine.get_template(template_name), self)
                    ^^^^^^^^^^^^^^^^^^^^^^^^^^^^^^^^^^^^^^^
  File "C:\Users\f134s\.virtualenvs\Study_Django-XRlrXM7B\Lib\site-packages\django\template\engine.py", line 175, in get_template
    template, origin = self.find_template(template_name)
                       ^^^^^^^^^^^^^^^^^^^^^^^^^^^^^^^^^
  File "C:\Users\f134s\.virtualenvs\Study_Django-XRlrXM7B\Lib\site-packages\django\template\engine.py", line 157, in find_template
    template = loader.get_template(name, skip=skip)
               ^^^^^^^^^^^^^^^^^^^^^^^^^^^^^^^^^^^^
  File "C:\Users\f134s\.virtualenvs\Study_Django-XRlrXM7B\Lib\site-packages\django\template\loaders\cached.py", line 57, in get_template
    template = super().get_template(template_name, skip)
               ^^^^^^^^^^^^^^^^^^^^^^^^^^^^^^^^^^^^^^^^^
  File "C:\Users\f134s\.virtualenvs\Study_Django-XRlrXM7B\Lib\site-packages\django\template\loaders\base.py", line 28, in get_template
    return Template(
           ^^^^^^^^^
  File "C:\Users\f134s\.virtualenvs\Study_Django-XRlrXM7B\Lib\site-packages\django\template\base.py", line 154, in __init__
    self.nodelist = self.compile_nodelist()
                    ^^^^^^^^^^^^^^^^^^^^^^^
  File "C:\Users\f134s\.virtualenvs\Study_Django-XRlrXM7B\Lib\site-packages\django\template\base.py", line 200, in compile_nodelist
    return parser.parse()
           ^^^^^^^^^^^^^^
  File "C:\Users\f134s\.virtualenvs\Study_Django-XRlrXM7B\Lib\site-packages\django\template\base.py", line 513, in parse
    raise self.error(token, e)
  File "C:\Users\f134s\.virtualenvs\Study_Django-XRlrXM7B\Lib\site-packages\django\template\base.py", line 511, in parse
    compiled_result = compile_func(self, token)
                      ^^^^^^^^^^^^^^^^^^^^^^^^^
  File "C:\Users\f134s\.virtualenvs\Study_Django-XRlrXM7B\Lib\site-packages\django\template\loader_tags.py", line 293, in do_extends
    nodelist = parser.parse()
               ^^^^^^^^^^^^^^
  File "C:\Users\f134s\.virtualenvs\Study_Django-XRlrXM7B\Lib\site-packages\django\template\base.py", line 513, in parse
    raise self.error(token, e)
  File "C:\Users\f134s\.virtualenvs\Study_Django-XRlrXM7B\Lib\site-packages\django\template\base.py", line 511, in parse
    compiled_result = compile_func(self, token)
                      ^^^^^^^^^^^^^^^^^^^^^^^^^
  File "C:\Users\f134s\.virtualenvs\Study_Django-XRlrXM7B\Lib\site-packages\django\template\loader_tags.py", line 232, in do_block
    nodelist = parser.parse(("endblock",))
               ^^^^^^^^^^^^^^^^^^^^^^^^^^^
  File "C:\Users\f134s\.virtualenvs\Study_Django-XRlrXM7B\Lib\site-packages\django\template\base.py", line 513, in parse
    raise self.error(token, e)
  File "C:\Users\f134s\.virtualenvs\Study_Django-XRlrXM7B\Lib\site-packages\django\template\base.py", line 511, in parse
    compiled_result = compile_func(self, token)
                      ^^^^^^^^^^^^^^^^^^^^^^^^^
  File "C:\Users\f134s\.virtualenvs\Study_Django-XRlrXM7B\Lib\site-packages\django\template\defaulttags.py", line 853, in do_for
    nodelist_loop = parser.parse(
                    ^^^^^^^^^^^^^
  File "C:\Users\f134s\.virtualenvs\Study_Django-XRlrXM7B\Lib\site-packages\django\template\base.py", line 507, in parse
    self.invalid_block_tag(token, command, parse_until)
  File "C:\Users\f134s\.virtualenvs\Study_Django-XRlrXM7B\Lib\site-packages\django\template\base.py", line 558, in invalid_block_tag
    raise self.error(
django.template.exceptions.TemplateSyntaxError: Invalid block tag on line 10: 'else', expected 'empty' or 'endfor'. Did you forget to register or load this tag?
"GET /2/articles/2 HTTP/1.1" 500 184528
Internal Server Error: /2/articles/1
Traceback (most recent call last):
  File "C:\Users\f134s\.virtualenvs\Study_Django-XRlrXM7B\Lib\site-packages\django\template\base.py", line 505, in parse
    compile_func = self.tags[command]
                   ~~~~~~~~~^^^^^^^^^
KeyError: 'else'

During handling of the above exception, another exception occurred:

Traceback (most recent call last):
  File "C:\Users\f134s\.virtualenvs\Study_Django-XRlrXM7B\Lib\site-packages\django\core\handlers\exception.py", line 55, in inner
    response = get_response(request)
               ^^^^^^^^^^^^^^^^^^^^^
  File "C:\Users\f134s\.virtualenvs\Study_Django-XRlrXM7B\Lib\site-packages\django\core\handlers\base.py", line 197, in _get_response
    response = wrapped_callback(request, *callback_args, **callback_kwargs)
               ^^^^^^^^^^^^^^^^^^^^^^^^^^^^^^^^^^^^^^^^^^^^^^^^^^^^^^^^^^^^
  File "D:\dev\study\Study_Django\seminars\seminars_project\_2_app\views.py", line 36, in get_articles
    return render(request, '_2_app/articles.html', context)
           ^^^^^^^^^^^^^^^^^^^^^^^^^^^^^^^^^^^^^^^^^^^^^^^^
  File "C:\Users\f134s\.virtualenvs\Study_Django-XRlrXM7B\Lib\site-packages\django\shortcuts.py", line 24, in render
    content = loader.render_to_string(template_name, context, request, using=using)
              ^^^^^^^^^^^^^^^^^^^^^^^^^^^^^^^^^^^^^^^^^^^^^^^^^^^^^^^^^^^^^^^^^^^^^
  File "C:\Users\f134s\.virtualenvs\Study_Django-XRlrXM7B\Lib\site-packages\django\template\loader.py", line 61, in render_to_string
    template = get_template(template_name, using=using)
               ^^^^^^^^^^^^^^^^^^^^^^^^^^^^^^^^^^^^^^^^
  File "C:\Users\f134s\.virtualenvs\Study_Django-XRlrXM7B\Lib\site-packages\django\template\loader.py", line 15, in get_template
    return engine.get_template(template_name)
           ^^^^^^^^^^^^^^^^^^^^^^^^^^^^^^^^^^
  File "C:\Users\f134s\.virtualenvs\Study_Django-XRlrXM7B\Lib\site-packages\django\template\backends\django.py", line 33, in get_template
    return Template(self.engine.get_template(template_name), self)
                    ^^^^^^^^^^^^^^^^^^^^^^^^^^^^^^^^^^^^^^^
  File "C:\Users\f134s\.virtualenvs\Study_Django-XRlrXM7B\Lib\site-packages\django\template\engine.py", line 175, in get_template
    template, origin = self.find_template(template_name)
                       ^^^^^^^^^^^^^^^^^^^^^^^^^^^^^^^^^
  File "C:\Users\f134s\.virtualenvs\Study_Django-XRlrXM7B\Lib\site-packages\django\template\engine.py", line 157, in find_template
    template = loader.get_template(name, skip=skip)
               ^^^^^^^^^^^^^^^^^^^^^^^^^^^^^^^^^^^^
  File "C:\Users\f134s\.virtualenvs\Study_Django-XRlrXM7B\Lib\site-packages\django\template\loaders\cached.py", line 57, in get_template
    template = super().get_template(template_name, skip)
               ^^^^^^^^^^^^^^^^^^^^^^^^^^^^^^^^^^^^^^^^^
  File "C:\Users\f134s\.virtualenvs\Study_Django-XRlrXM7B\Lib\site-packages\django\template\loaders\base.py", line 28, in get_template
    return Template(
           ^^^^^^^^^
  File "C:\Users\f134s\.virtualenvs\Study_Django-XRlrXM7B\Lib\site-packages\django\template\base.py", line 154, in __init__
    self.nodelist = self.compile_nodelist()
                    ^^^^^^^^^^^^^^^^^^^^^^^
  File "C:\Users\f134s\.virtualenvs\Study_Django-XRlrXM7B\Lib\site-packages\django\template\base.py", line 200, in compile_nodelist
    return parser.parse()
           ^^^^^^^^^^^^^^
  File "C:\Users\f134s\.virtualenvs\Study_Django-XRlrXM7B\Lib\site-packages\django\template\base.py", line 513, in parse
    raise self.error(token, e)
  File "C:\Users\f134s\.virtualenvs\Study_Django-XRlrXM7B\Lib\site-packages\django\template\base.py", line 511, in parse
    compiled_result = compile_func(self, token)
                      ^^^^^^^^^^^^^^^^^^^^^^^^^
  File "C:\Users\f134s\.virtualenvs\Study_Django-XRlrXM7B\Lib\site-packages\django\template\loader_tags.py", line 293, in do_extends
    nodelist = parser.parse()
               ^^^^^^^^^^^^^^
  File "C:\Users\f134s\.virtualenvs\Study_Django-XRlrXM7B\Lib\site-packages\django\template\base.py", line 513, in parse
    raise self.error(token, e)
  File "C:\Users\f134s\.virtualenvs\Study_Django-XRlrXM7B\Lib\site-packages\django\template\base.py", line 511, in parse
    compiled_result = compile_func(self, token)
                      ^^^^^^^^^^^^^^^^^^^^^^^^^
  File "C:\Users\f134s\.virtualenvs\Study_Django-XRlrXM7B\Lib\site-packages\django\template\loader_tags.py", line 232, in do_block
    nodelist = parser.parse(("endblock",))
               ^^^^^^^^^^^^^^^^^^^^^^^^^^^
  File "C:\Users\f134s\.virtualenvs\Study_Django-XRlrXM7B\Lib\site-packages\django\template\base.py", line 513, in parse
    raise self.error(token, e)
  File "C:\Users\f134s\.virtualenvs\Study_Django-XRlrXM7B\Lib\site-packages\django\template\base.py", line 511, in parse
    compiled_result = compile_func(self, token)
                      ^^^^^^^^^^^^^^^^^^^^^^^^^
  File "C:\Users\f134s\.virtualenvs\Study_Django-XRlrXM7B\Lib\site-packages\django\template\defaulttags.py", line 853, in do_for
    nodelist_loop = parser.parse(
                    ^^^^^^^^^^^^^
  File "C:\Users\f134s\.virtualenvs\Study_Django-XRlrXM7B\Lib\site-packages\django\template\base.py", line 507, in parse
    self.invalid_block_tag(token, command, parse_until)
  File "C:\Users\f134s\.virtualenvs\Study_Django-XRlrXM7B\Lib\site-packages\django\template\base.py", line 558, in invalid_block_tag
    raise self.error(
django.template.exceptions.TemplateSyntaxError: Invalid block tag on line 10: 'else', expected 'empty' or 'endfor'. Did you forget to register or load this tag?
"GET /2/articles/1 HTTP/1.1" 500 184535
Internal Server Error: /2/articles/3
Traceback (most recent call last):
  File "C:\Users\f134s\.virtualenvs\Study_Django-XRlrXM7B\Lib\site-packages\django\template\base.py", line 505, in parse
    compile_func = self.tags[command]
                   ~~~~~~~~~^^^^^^^^^
KeyError: 'else'

During handling of the above exception, another exception occurred:

Traceback (most recent call last):
  File "C:\Users\f134s\.virtualenvs\Study_Django-XRlrXM7B\Lib\site-packages\django\core\handlers\exception.py", line 55, in inner
    response = get_response(request)
               ^^^^^^^^^^^^^^^^^^^^^
  File "C:\Users\f134s\.virtualenvs\Study_Django-XRlrXM7B\Lib\site-packages\django\core\handlers\base.py", line 197, in _get_response
    response = wrapped_callback(request, *callback_args, **callback_kwargs)
               ^^^^^^^^^^^^^^^^^^^^^^^^^^^^^^^^^^^^^^^^^^^^^^^^^^^^^^^^^^^^
  File "D:\dev\study\Study_Django\seminars\seminars_project\_2_app\views.py", line 36, in get_articles
    return render(request, '_2_app/articles.html', context)
           ^^^^^^^^^^^^^^^^^^^^^^^^^^^^^^^^^^^^^^^^^^^^^^^^
  File "C:\Users\f134s\.virtualenvs\Study_Django-XRlrXM7B\Lib\site-packages\django\shortcuts.py", line 24, in render
    content = loader.render_to_string(template_name, context, request, using=using)
              ^^^^^^^^^^^^^^^^^^^^^^^^^^^^^^^^^^^^^^^^^^^^^^^^^^^^^^^^^^^^^^^^^^^^^
  File "C:\Users\f134s\.virtualenvs\Study_Django-XRlrXM7B\Lib\site-packages\django\template\loader.py", line 61, in render_to_string
    template = get_template(template_name, using=using)
               ^^^^^^^^^^^^^^^^^^^^^^^^^^^^^^^^^^^^^^^^
  File "C:\Users\f134s\.virtualenvs\Study_Django-XRlrXM7B\Lib\site-packages\django\template\loader.py", line 15, in get_template
    return engine.get_template(template_name)
           ^^^^^^^^^^^^^^^^^^^^^^^^^^^^^^^^^^
  File "C:\Users\f134s\.virtualenvs\Study_Django-XRlrXM7B\Lib\site-packages\django\template\backends\django.py", line 33, in get_template
    return Template(self.engine.get_template(template_name), self)
                    ^^^^^^^^^^^^^^^^^^^^^^^^^^^^^^^^^^^^^^^
  File "C:\Users\f134s\.virtualenvs\Study_Django-XRlrXM7B\Lib\site-packages\django\template\engine.py", line 175, in get_template
    template, origin = self.find_template(template_name)
                       ^^^^^^^^^^^^^^^^^^^^^^^^^^^^^^^^^
  File "C:\Users\f134s\.virtualenvs\Study_Django-XRlrXM7B\Lib\site-packages\django\template\engine.py", line 157, in find_template
    template = loader.get_template(name, skip=skip)
               ^^^^^^^^^^^^^^^^^^^^^^^^^^^^^^^^^^^^
  File "C:\Users\f134s\.virtualenvs\Study_Django-XRlrXM7B\Lib\site-packages\django\template\loaders\cached.py", line 57, in get_template
    template = super().get_template(template_name, skip)
               ^^^^^^^^^^^^^^^^^^^^^^^^^^^^^^^^^^^^^^^^^
  File "C:\Users\f134s\.virtualenvs\Study_Django-XRlrXM7B\Lib\site-packages\django\template\loaders\base.py", line 28, in get_template
    return Template(
           ^^^^^^^^^
  File "C:\Users\f134s\.virtualenvs\Study_Django-XRlrXM7B\Lib\site-packages\django\template\base.py", line 154, in __init__
    self.nodelist = self.compile_nodelist()
                    ^^^^^^^^^^^^^^^^^^^^^^^
  File "C:\Users\f134s\.virtualenvs\Study_Django-XRlrXM7B\Lib\site-packages\django\template\base.py", line 200, in compile_nodelist
    return parser.parse()
           ^^^^^^^^^^^^^^
  File "C:\Users\f134s\.virtualenvs\Study_Django-XRlrXM7B\Lib\site-packages\django\template\base.py", line 513, in parse
    raise self.error(token, e)
  File "C:\Users\f134s\.virtualenvs\Study_Django-XRlrXM7B\Lib\site-packages\django\template\base.py", line 511, in parse
    compiled_result = compile_func(self, token)
                      ^^^^^^^^^^^^^^^^^^^^^^^^^
  File "C:\Users\f134s\.virtualenvs\Study_Django-XRlrXM7B\Lib\site-packages\django\template\loader_tags.py", line 293, in do_extends
    nodelist = parser.parse()
               ^^^^^^^^^^^^^^
  File "C:\Users\f134s\.virtualenvs\Study_Django-XRlrXM7B\Lib\site-packages\django\template\base.py", line 513, in parse
    raise self.error(token, e)
  File "C:\Users\f134s\.virtualenvs\Study_Django-XRlrXM7B\Lib\site-packages\django\template\base.py", line 511, in parse
    compiled_result = compile_func(self, token)
                      ^^^^^^^^^^^^^^^^^^^^^^^^^
  File "C:\Users\f134s\.virtualenvs\Study_Django-XRlrXM7B\Lib\site-packages\django\template\loader_tags.py", line 232, in do_block
    nodelist = parser.parse(("endblock",))
               ^^^^^^^^^^^^^^^^^^^^^^^^^^^
  File "C:\Users\f134s\.virtualenvs\Study_Django-XRlrXM7B\Lib\site-packages\django\template\base.py", line 513, in parse
    raise self.error(token, e)
  File "C:\Users\f134s\.virtualenvs\Study_Django-XRlrXM7B\Lib\site-packages\django\template\base.py", line 511, in parse
    compiled_result = compile_func(self, token)
                      ^^^^^^^^^^^^^^^^^^^^^^^^^
  File "C:\Users\f134s\.virtualenvs\Study_Django-XRlrXM7B\Lib\site-packages\django\template\defaulttags.py", line 853, in do_for
    nodelist_loop = parser.parse(
                    ^^^^^^^^^^^^^
  File "C:\Users\f134s\.virtualenvs\Study_Django-XRlrXM7B\Lib\site-packages\django\template\base.py", line 507, in parse
    self.invalid_block_tag(token, command, parse_until)
  File "C:\Users\f134s\.virtualenvs\Study_Django-XRlrXM7B\Lib\site-packages\django\template\base.py", line 558, in invalid_block_tag
    raise self.error(
django.template.exceptions.TemplateSyntaxError: Invalid block tag on line 10: 'else', expected 'empty' or 'endfor'. Did you forget to register or load this tag?
"GET /2/articles/3 HTTP/1.1" 500 185138
Watching for file changes with StatReloader
"GET / HTTP/1.1" 200 150
Not Found: /favicon.ico
"GET /favicon.ico HTTP/1.1" 404 2655
Internal Server Error: /2/articles/3
Traceback (most recent call last):
  File "C:\Users\f134s\.virtualenvs\Study_Django-XRlrXM7B\Lib\site-packages\django\template\base.py", line 505, in parse
    compile_func = self.tags[command]
                   ~~~~~~~~~^^^^^^^^^
KeyError: 'else'

During handling of the above exception, another exception occurred:

Traceback (most recent call last):
  File "C:\Users\f134s\.virtualenvs\Study_Django-XRlrXM7B\Lib\site-packages\django\core\handlers\exception.py", line 55, in inner
    response = get_response(request)
               ^^^^^^^^^^^^^^^^^^^^^
  File "C:\Users\f134s\.virtualenvs\Study_Django-XRlrXM7B\Lib\site-packages\django\core\handlers\base.py", line 197, in _get_response
    response = wrapped_callback(request, *callback_args, **callback_kwargs)
               ^^^^^^^^^^^^^^^^^^^^^^^^^^^^^^^^^^^^^^^^^^^^^^^^^^^^^^^^^^^^
  File "D:\dev\study\Study_Django\seminars\seminars_project\_2_app\views.py", line 36, in get_articles
    return render(request, '_2_app/articles.html', context)
           ^^^^^^^^^^^^^^^^^^^^^^^^^^^^^^^^^^^^^^^^^^^^^^^^
  File "C:\Users\f134s\.virtualenvs\Study_Django-XRlrXM7B\Lib\site-packages\django\shortcuts.py", line 24, in render
    content = loader.render_to_string(template_name, context, request, using=using)
              ^^^^^^^^^^^^^^^^^^^^^^^^^^^^^^^^^^^^^^^^^^^^^^^^^^^^^^^^^^^^^^^^^^^^^
  File "C:\Users\f134s\.virtualenvs\Study_Django-XRlrXM7B\Lib\site-packages\django\template\loader.py", line 61, in render_to_string
    template = get_template(template_name, using=using)
               ^^^^^^^^^^^^^^^^^^^^^^^^^^^^^^^^^^^^^^^^
  File "C:\Users\f134s\.virtualenvs\Study_Django-XRlrXM7B\Lib\site-packages\django\template\loader.py", line 15, in get_template
    return engine.get_template(template_name)
           ^^^^^^^^^^^^^^^^^^^^^^^^^^^^^^^^^^
  File "C:\Users\f134s\.virtualenvs\Study_Django-XRlrXM7B\Lib\site-packages\django\template\backends\django.py", line 33, in get_template
    return Template(self.engine.get_template(template_name), self)
                    ^^^^^^^^^^^^^^^^^^^^^^^^^^^^^^^^^^^^^^^
  File "C:\Users\f134s\.virtualenvs\Study_Django-XRlrXM7B\Lib\site-packages\django\template\engine.py", line 175, in get_template
    template, origin = self.find_template(template_name)
                       ^^^^^^^^^^^^^^^^^^^^^^^^^^^^^^^^^
  File "C:\Users\f134s\.virtualenvs\Study_Django-XRlrXM7B\Lib\site-packages\django\template\engine.py", line 157, in find_template
    template = loader.get_template(name, skip=skip)
               ^^^^^^^^^^^^^^^^^^^^^^^^^^^^^^^^^^^^
  File "C:\Users\f134s\.virtualenvs\Study_Django-XRlrXM7B\Lib\site-packages\django\template\loaders\cached.py", line 57, in get_template
    template = super().get_template(template_name, skip)
               ^^^^^^^^^^^^^^^^^^^^^^^^^^^^^^^^^^^^^^^^^
  File "C:\Users\f134s\.virtualenvs\Study_Django-XRlrXM7B\Lib\site-packages\django\template\loaders\base.py", line 28, in get_template
    return Template(
           ^^^^^^^^^
  File "C:\Users\f134s\.virtualenvs\Study_Django-XRlrXM7B\Lib\site-packages\django\template\base.py", line 154, in __init__
    self.nodelist = self.compile_nodelist()
                    ^^^^^^^^^^^^^^^^^^^^^^^
  File "C:\Users\f134s\.virtualenvs\Study_Django-XRlrXM7B\Lib\site-packages\django\template\base.py", line 200, in compile_nodelist
    return parser.parse()
           ^^^^^^^^^^^^^^
  File "C:\Users\f134s\.virtualenvs\Study_Django-XRlrXM7B\Lib\site-packages\django\template\base.py", line 513, in parse
    raise self.error(token, e)
  File "C:\Users\f134s\.virtualenvs\Study_Django-XRlrXM7B\Lib\site-packages\django\template\base.py", line 511, in parse
    compiled_result = compile_func(self, token)
                      ^^^^^^^^^^^^^^^^^^^^^^^^^
  File "C:\Users\f134s\.virtualenvs\Study_Django-XRlrXM7B\Lib\site-packages\django\template\loader_tags.py", line 293, in do_extends
    nodelist = parser.parse()
               ^^^^^^^^^^^^^^
  File "C:\Users\f134s\.virtualenvs\Study_Django-XRlrXM7B\Lib\site-packages\django\template\base.py", line 513, in parse
    raise self.error(token, e)
  File "C:\Users\f134s\.virtualenvs\Study_Django-XRlrXM7B\Lib\site-packages\django\template\base.py", line 511, in parse
    compiled_result = compile_func(self, token)
                      ^^^^^^^^^^^^^^^^^^^^^^^^^
  File "C:\Users\f134s\.virtualenvs\Study_Django-XRlrXM7B\Lib\site-packages\django\template\loader_tags.py", line 232, in do_block
    nodelist = parser.parse(("endblock",))
               ^^^^^^^^^^^^^^^^^^^^^^^^^^^
  File "C:\Users\f134s\.virtualenvs\Study_Django-XRlrXM7B\Lib\site-packages\django\template\base.py", line 513, in parse
    raise self.error(token, e)
  File "C:\Users\f134s\.virtualenvs\Study_Django-XRlrXM7B\Lib\site-packages\django\template\base.py", line 511, in parse
    compiled_result = compile_func(self, token)
                      ^^^^^^^^^^^^^^^^^^^^^^^^^
  File "C:\Users\f134s\.virtualenvs\Study_Django-XRlrXM7B\Lib\site-packages\django\template\defaulttags.py", line 853, in do_for
    nodelist_loop = parser.parse(
                    ^^^^^^^^^^^^^
  File "C:\Users\f134s\.virtualenvs\Study_Django-XRlrXM7B\Lib\site-packages\django\template\base.py", line 507, in parse
    self.invalid_block_tag(token, command, parse_until)
  File "C:\Users\f134s\.virtualenvs\Study_Django-XRlrXM7B\Lib\site-packages\django\template\base.py", line 558, in invalid_block_tag
    raise self.error(
django.template.exceptions.TemplateSyntaxError: Invalid block tag on line 10: 'else', expected 'empty' or 'endfor'. Did you forget to register or load this tag?
"GET /2/articles/3 HTTP/1.1" 500 185305
Internal Server Error: /2/articles/1
Traceback (most recent call last):
  File "C:\Users\f134s\.virtualenvs\Study_Django-XRlrXM7B\Lib\site-packages\django\template\base.py", line 505, in parse
    compile_func = self.tags[command]
                   ~~~~~~~~~^^^^^^^^^
KeyError: 'else'

During handling of the above exception, another exception occurred:

Traceback (most recent call last):
  File "C:\Users\f134s\.virtualenvs\Study_Django-XRlrXM7B\Lib\site-packages\django\core\handlers\exception.py", line 55, in inner
    response = get_response(request)
               ^^^^^^^^^^^^^^^^^^^^^
  File "C:\Users\f134s\.virtualenvs\Study_Django-XRlrXM7B\Lib\site-packages\django\core\handlers\base.py", line 197, in _get_response
    response = wrapped_callback(request, *callback_args, **callback_kwargs)
               ^^^^^^^^^^^^^^^^^^^^^^^^^^^^^^^^^^^^^^^^^^^^^^^^^^^^^^^^^^^^
  File "D:\dev\study\Study_Django\seminars\seminars_project\_2_app\views.py", line 36, in get_articles
    return render(request, '_2_app/articles.html', context)
           ^^^^^^^^^^^^^^^^^^^^^^^^^^^^^^^^^^^^^^^^^^^^^^^^
  File "C:\Users\f134s\.virtualenvs\Study_Django-XRlrXM7B\Lib\site-packages\django\shortcuts.py", line 24, in render
    content = loader.render_to_string(template_name, context, request, using=using)
              ^^^^^^^^^^^^^^^^^^^^^^^^^^^^^^^^^^^^^^^^^^^^^^^^^^^^^^^^^^^^^^^^^^^^^
  File "C:\Users\f134s\.virtualenvs\Study_Django-XRlrXM7B\Lib\site-packages\django\template\loader.py", line 61, in render_to_string
    template = get_template(template_name, using=using)
               ^^^^^^^^^^^^^^^^^^^^^^^^^^^^^^^^^^^^^^^^
  File "C:\Users\f134s\.virtualenvs\Study_Django-XRlrXM7B\Lib\site-packages\django\template\loader.py", line 15, in get_template
    return engine.get_template(template_name)
           ^^^^^^^^^^^^^^^^^^^^^^^^^^^^^^^^^^
  File "C:\Users\f134s\.virtualenvs\Study_Django-XRlrXM7B\Lib\site-packages\django\template\backends\django.py", line 33, in get_template
    return Template(self.engine.get_template(template_name), self)
                    ^^^^^^^^^^^^^^^^^^^^^^^^^^^^^^^^^^^^^^^
  File "C:\Users\f134s\.virtualenvs\Study_Django-XRlrXM7B\Lib\site-packages\django\template\engine.py", line 175, in get_template
    template, origin = self.find_template(template_name)
                       ^^^^^^^^^^^^^^^^^^^^^^^^^^^^^^^^^
  File "C:\Users\f134s\.virtualenvs\Study_Django-XRlrXM7B\Lib\site-packages\django\template\engine.py", line 157, in find_template
    template = loader.get_template(name, skip=skip)
               ^^^^^^^^^^^^^^^^^^^^^^^^^^^^^^^^^^^^
  File "C:\Users\f134s\.virtualenvs\Study_Django-XRlrXM7B\Lib\site-packages\django\template\loaders\cached.py", line 57, in get_template
    template = super().get_template(template_name, skip)
               ^^^^^^^^^^^^^^^^^^^^^^^^^^^^^^^^^^^^^^^^^
  File "C:\Users\f134s\.virtualenvs\Study_Django-XRlrXM7B\Lib\site-packages\django\template\loaders\base.py", line 28, in get_template
    return Template(
           ^^^^^^^^^
  File "C:\Users\f134s\.virtualenvs\Study_Django-XRlrXM7B\Lib\site-packages\django\template\base.py", line 154, in __init__
    self.nodelist = self.compile_nodelist()
                    ^^^^^^^^^^^^^^^^^^^^^^^
  File "C:\Users\f134s\.virtualenvs\Study_Django-XRlrXM7B\Lib\site-packages\django\template\base.py", line 200, in compile_nodelist
    return parser.parse()
           ^^^^^^^^^^^^^^
  File "C:\Users\f134s\.virtualenvs\Study_Django-XRlrXM7B\Lib\site-packages\django\template\base.py", line 513, in parse
    raise self.error(token, e)
  File "C:\Users\f134s\.virtualenvs\Study_Django-XRlrXM7B\Lib\site-packages\django\template\base.py", line 511, in parse
    compiled_result = compile_func(self, token)
                      ^^^^^^^^^^^^^^^^^^^^^^^^^
  File "C:\Users\f134s\.virtualenvs\Study_Django-XRlrXM7B\Lib\site-packages\django\template\loader_tags.py", line 293, in do_extends
    nodelist = parser.parse()
               ^^^^^^^^^^^^^^
  File "C:\Users\f134s\.virtualenvs\Study_Django-XRlrXM7B\Lib\site-packages\django\template\base.py", line 513, in parse
    raise self.error(token, e)
  File "C:\Users\f134s\.virtualenvs\Study_Django-XRlrXM7B\Lib\site-packages\django\template\base.py", line 511, in parse
    compiled_result = compile_func(self, token)
                      ^^^^^^^^^^^^^^^^^^^^^^^^^
  File "C:\Users\f134s\.virtualenvs\Study_Django-XRlrXM7B\Lib\site-packages\django\template\loader_tags.py", line 232, in do_block
    nodelist = parser.parse(("endblock",))
               ^^^^^^^^^^^^^^^^^^^^^^^^^^^
  File "C:\Users\f134s\.virtualenvs\Study_Django-XRlrXM7B\Lib\site-packages\django\template\base.py", line 513, in parse
    raise self.error(token, e)
  File "C:\Users\f134s\.virtualenvs\Study_Django-XRlrXM7B\Lib\site-packages\django\template\base.py", line 511, in parse
    compiled_result = compile_func(self, token)
                      ^^^^^^^^^^^^^^^^^^^^^^^^^
  File "C:\Users\f134s\.virtualenvs\Study_Django-XRlrXM7B\Lib\site-packages\django\template\defaulttags.py", line 853, in do_for
    nodelist_loop = parser.parse(
                    ^^^^^^^^^^^^^
  File "C:\Users\f134s\.virtualenvs\Study_Django-XRlrXM7B\Lib\site-packages\django\template\base.py", line 507, in parse
    self.invalid_block_tag(token, command, parse_until)
  File "C:\Users\f134s\.virtualenvs\Study_Django-XRlrXM7B\Lib\site-packages\django\template\base.py", line 558, in invalid_block_tag
    raise self.error(
django.template.exceptions.TemplateSyntaxError: Invalid block tag on line 10: 'else', expected 'empty' or 'endfor'. Did you forget to register or load this tag?
"GET /2/articles/1 HTTP/1.1" 500 184565
Internal Server Error: /2/articles/9
Traceback (most recent call last):
  File "C:\Users\f134s\.virtualenvs\Study_Django-XRlrXM7B\Lib\site-packages\django\template\base.py", line 505, in parse
    compile_func = self.tags[command]
                   ~~~~~~~~~^^^^^^^^^
KeyError: 'else'

During handling of the above exception, another exception occurred:

Traceback (most recent call last):
  File "C:\Users\f134s\.virtualenvs\Study_Django-XRlrXM7B\Lib\site-packages\django\core\handlers\exception.py", line 55, in inner
    response = get_response(request)
               ^^^^^^^^^^^^^^^^^^^^^
  File "C:\Users\f134s\.virtualenvs\Study_Django-XRlrXM7B\Lib\site-packages\django\core\handlers\base.py", line 197, in _get_response
    response = wrapped_callback(request, *callback_args, **callback_kwargs)
               ^^^^^^^^^^^^^^^^^^^^^^^^^^^^^^^^^^^^^^^^^^^^^^^^^^^^^^^^^^^^
  File "D:\dev\study\Study_Django\seminars\seminars_project\_2_app\views.py", line 36, in get_articles
    return render(request, '_2_app/articles.html', context)
           ^^^^^^^^^^^^^^^^^^^^^^^^^^^^^^^^^^^^^^^^^^^^^^^^
  File "C:\Users\f134s\.virtualenvs\Study_Django-XRlrXM7B\Lib\site-packages\django\shortcuts.py", line 24, in render
    content = loader.render_to_string(template_name, context, request, using=using)
              ^^^^^^^^^^^^^^^^^^^^^^^^^^^^^^^^^^^^^^^^^^^^^^^^^^^^^^^^^^^^^^^^^^^^^
  File "C:\Users\f134s\.virtualenvs\Study_Django-XRlrXM7B\Lib\site-packages\django\template\loader.py", line 61, in render_to_string
    template = get_template(template_name, using=using)
               ^^^^^^^^^^^^^^^^^^^^^^^^^^^^^^^^^^^^^^^^
  File "C:\Users\f134s\.virtualenvs\Study_Django-XRlrXM7B\Lib\site-packages\django\template\loader.py", line 15, in get_template
    return engine.get_template(template_name)
           ^^^^^^^^^^^^^^^^^^^^^^^^^^^^^^^^^^
  File "C:\Users\f134s\.virtualenvs\Study_Django-XRlrXM7B\Lib\site-packages\django\template\backends\django.py", line 33, in get_template
    return Template(self.engine.get_template(template_name), self)
                    ^^^^^^^^^^^^^^^^^^^^^^^^^^^^^^^^^^^^^^^
  File "C:\Users\f134s\.virtualenvs\Study_Django-XRlrXM7B\Lib\site-packages\django\template\engine.py", line 175, in get_template
    template, origin = self.find_template(template_name)
                       ^^^^^^^^^^^^^^^^^^^^^^^^^^^^^^^^^
  File "C:\Users\f134s\.virtualenvs\Study_Django-XRlrXM7B\Lib\site-packages\django\template\engine.py", line 157, in find_template
    template = loader.get_template(name, skip=skip)
               ^^^^^^^^^^^^^^^^^^^^^^^^^^^^^^^^^^^^
  File "C:\Users\f134s\.virtualenvs\Study_Django-XRlrXM7B\Lib\site-packages\django\template\loaders\cached.py", line 57, in get_template
    template = super().get_template(template_name, skip)
               ^^^^^^^^^^^^^^^^^^^^^^^^^^^^^^^^^^^^^^^^^
  File "C:\Users\f134s\.virtualenvs\Study_Django-XRlrXM7B\Lib\site-packages\django\template\loaders\base.py", line 28, in get_template
    return Template(
           ^^^^^^^^^
  File "C:\Users\f134s\.virtualenvs\Study_Django-XRlrXM7B\Lib\site-packages\django\template\base.py", line 154, in __init__
    self.nodelist = self.compile_nodelist()
                    ^^^^^^^^^^^^^^^^^^^^^^^
  File "C:\Users\f134s\.virtualenvs\Study_Django-XRlrXM7B\Lib\site-packages\django\template\base.py", line 200, in compile_nodelist
    return parser.parse()
           ^^^^^^^^^^^^^^
  File "C:\Users\f134s\.virtualenvs\Study_Django-XRlrXM7B\Lib\site-packages\django\template\base.py", line 513, in parse
    raise self.error(token, e)
  File "C:\Users\f134s\.virtualenvs\Study_Django-XRlrXM7B\Lib\site-packages\django\template\base.py", line 511, in parse
    compiled_result = compile_func(self, token)
                      ^^^^^^^^^^^^^^^^^^^^^^^^^
  File "C:\Users\f134s\.virtualenvs\Study_Django-XRlrXM7B\Lib\site-packages\django\template\loader_tags.py", line 293, in do_extends
    nodelist = parser.parse()
               ^^^^^^^^^^^^^^
  File "C:\Users\f134s\.virtualenvs\Study_Django-XRlrXM7B\Lib\site-packages\django\template\base.py", line 513, in parse
    raise self.error(token, e)
  File "C:\Users\f134s\.virtualenvs\Study_Django-XRlrXM7B\Lib\site-packages\django\template\base.py", line 511, in parse
    compiled_result = compile_func(self, token)
                      ^^^^^^^^^^^^^^^^^^^^^^^^^
  File "C:\Users\f134s\.virtualenvs\Study_Django-XRlrXM7B\Lib\site-packages\django\template\loader_tags.py", line 232, in do_block
    nodelist = parser.parse(("endblock",))
               ^^^^^^^^^^^^^^^^^^^^^^^^^^^
  File "C:\Users\f134s\.virtualenvs\Study_Django-XRlrXM7B\Lib\site-packages\django\template\base.py", line 513, in parse
    raise self.error(token, e)
  File "C:\Users\f134s\.virtualenvs\Study_Django-XRlrXM7B\Lib\site-packages\django\template\base.py", line 511, in parse
    compiled_result = compile_func(self, token)
                      ^^^^^^^^^^^^^^^^^^^^^^^^^
  File "C:\Users\f134s\.virtualenvs\Study_Django-XRlrXM7B\Lib\site-packages\django\template\defaulttags.py", line 853, in do_for
    nodelist_loop = parser.parse(
                    ^^^^^^^^^^^^^
  File "C:\Users\f134s\.virtualenvs\Study_Django-XRlrXM7B\Lib\site-packages\django\template\base.py", line 507, in parse
    self.invalid_block_tag(token, command, parse_until)
  File "C:\Users\f134s\.virtualenvs\Study_Django-XRlrXM7B\Lib\site-packages\django\template\base.py", line 558, in invalid_block_tag
    raise self.error(
django.template.exceptions.TemplateSyntaxError: Invalid block tag on line 10: 'else', expected 'empty' or 'endfor'. Did you forget to register or load this tag?
"GET /2/articles/9 HTTP/1.1" 500 184720
Watching for file changes with StatReloader
"GET /2/articles/9 HTTP/1.1" 200 440
Not Found: /2/articles/article/10
"GET /2/articles/article/10 HTTP/1.1" 404 3485
Not Found: /2/articles/article/10
"GET /2/articles/article/10 HTTP/1.1" 404 3485
D:\dev\study\Study_Django\seminars\seminars_project\_2_app\views.py changed, reloading.
Watching for file changes with StatReloader
Not Found: /2/articles/article/10
"GET /2/articles/article/10 HTTP/1.1" 404 3485
Not Found: /2/articles/article/10
"GET /2/articles/article/10 HTTP/1.1" 404 3485
Not Found: /2/articles/article/10
"GET /2/articles/article/10 HTTP/1.1" 404 3485
Not Found: /2/articles/article/10
"GET /2/articles/article/10 HTTP/1.1" 404 3485
Not Found: /2/articles/article/10
"GET /2/articles/article/10 HTTP/1.1" 404 3485
Not Found: /2/articles/article/10
"GET /2/articles/article/10 HTTP/1.1" 404 3485
Watching for file changes with StatReloader
"GET /2/articles/9 HTTP/1.1" 200 442
Not Found: /2/articles/2/article/10
"GET /2/articles/2/article/10 HTTP/1.1" 404 3491
"GET /2/articles/9 HTTP/1.1" 200 442
Not Found: /2/articles/article/10
"GET /2/articles/article/10 HTTP/1.1" 404 3485
D:\dev\study\Study_Django\seminars\seminars_project\_2_app\views.py changed, reloading.
Watching for file changes with StatReloader
D:\dev\study\Study_Django\seminars\seminars_project\_2_app\views.py changed, reloading.
Watching for file changes with StatReloader
"GET /2/articles/9 HTTP/1.1" 200 443
"GET /2/article/10 HTTP/1.1" 200 397
D:\dev\study\Study_Django\seminars\seminars_project\_2_app\views.py changed, reloading.
Watching for file changes with StatReloader
"GET /2/article/10 HTTP/1.1" 200 411
"GET /2/articles/9 HTTP/1.1" 200 443
"GET /2/article/10 HTTP/1.1" 200 411
"GET /2/articles/9 HTTP/1.1" 200 443
"GET /2/article/10 HTTP/1.1" 200 411
D:\dev\study\Study_Django\seminars\seminars_project\seminars_project\urls.py changed, reloading.
Watching for file changes with StatReloader
Watching for file changes with StatReloader
Watching for file changes with StatReloader
Watching for file changes with StatReloader
Watching for file changes with StatReloader
D:\dev\study\Study_Django\seminars\seminars_project\seminars_project\urls.py changed, reloading.
Watching for file changes with StatReloader
D:\dev\study\Study_Django\seminars\seminars_project\online_store\urls.py changed, reloading.
Watching for file changes with StatReloader
D:\dev\study\Study_Django\seminars\seminars_project\online_store\urls.py changed, reloading.
Watching for file changes with StatReloader
"GET / HTTP/1.1" 200 150
Not Found: /xydt
"GET /xydt HTTP/1.1" 404 2747
Not Found: /online_store/
"GET /online_store/ HTTP/1.1" 404 2864
"GET /online_store/orders/1 HTTP/1.1" 200 299
Watching for file changes with StatReloader
"GET /online_store/orders/2 HTTP/1.1" 200 378
"GET /online_store/orders/2 HTTP/1.1" 200 378
"GET /online_store/orders/1 HTTP/1.1" 200 458
"GET /online_store/orders/1 HTTP/1.1" 200 458
"GET /online_store/orders/1 HTTP/1.1" 200 476
"GET /online_store/orders/1 HTTP/1.1" 200 534
"GET /online_store/orders/1 HTTP/1.1" 200 476
"GET /online_store/orders/1 HTTP/1.1" 200 476
"GET /online_store/orders/1 HTTP/1.1" 200 476
D:\dev\study\Study_Django\seminars\seminars_project\online_store\models.py changed, reloading.
Watching for file changes with StatReloader
Internal Server Error: /online_store/orders/1
Traceback (most recent call last):
  File "C:\Users\f134s\.virtualenvs\Study_Django-XRlrXM7B\Lib\site-packages\django\db\backends\utils.py", line 89, in _execute
    return self.cursor.execute(sql, params)
           ^^^^^^^^^^^^^^^^^^^^^^^^^^^^^^^^
  File "C:\Users\f134s\.virtualenvs\Study_Django-XRlrXM7B\Lib\site-packages\django\db\backends\sqlite3\base.py", line 328, in execute
    return super().execute(query, params)
           ^^^^^^^^^^^^^^^^^^^^^^^^^^^^^^
sqlite3.OperationalError: no such column: online_store_order.products

The above exception was the direct cause of the following exception:

Traceback (most recent call last):
  File "C:\Users\f134s\.virtualenvs\Study_Django-XRlrXM7B\Lib\site-packages\django\core\handlers\exception.py", line 55, in inner
    response = get_response(request)
               ^^^^^^^^^^^^^^^^^^^^^
  File "C:\Users\f134s\.virtualenvs\Study_Django-XRlrXM7B\Lib\site-packages\django\core\handlers\base.py", line 197, in _get_response
    response = wrapped_callback(request, *callback_args, **callback_kwargs)
               ^^^^^^^^^^^^^^^^^^^^^^^^^^^^^^^^^^^^^^^^^^^^^^^^^^^^^^^^^^^^
  File "D:\dev\study\Study_Django\seminars\seminars_project\online_store\views.py", line 7, in get_orders
    return render(request, 'online_store/orders.html', context)
           ^^^^^^^^^^^^^^^^^^^^^^^^^^^^^^^^^^^^^^^^^^^^^^^^^^^^
  File "C:\Users\f134s\.virtualenvs\Study_Django-XRlrXM7B\Lib\site-packages\django\shortcuts.py", line 24, in render
    content = loader.render_to_string(template_name, context, request, using=using)
              ^^^^^^^^^^^^^^^^^^^^^^^^^^^^^^^^^^^^^^^^^^^^^^^^^^^^^^^^^^^^^^^^^^^^^
  File "C:\Users\f134s\.virtualenvs\Study_Django-XRlrXM7B\Lib\site-packages\django\template\loader.py", line 62, in render_to_string
    return template.render(context, request)
           ^^^^^^^^^^^^^^^^^^^^^^^^^^^^^^^^^
  File "C:\Users\f134s\.virtualenvs\Study_Django-XRlrXM7B\Lib\site-packages\django\template\backends\django.py", line 61, in render
    return self.template.render(context)
           ^^^^^^^^^^^^^^^^^^^^^^^^^^^^^
  File "C:\Users\f134s\.virtualenvs\Study_Django-XRlrXM7B\Lib\site-packages\django\template\base.py", line 175, in render
    return self._render(context)
           ^^^^^^^^^^^^^^^^^^^^^
  File "C:\Users\f134s\.virtualenvs\Study_Django-XRlrXM7B\Lib\site-packages\django\template\base.py", line 167, in _render
    return self.nodelist.render(context)
           ^^^^^^^^^^^^^^^^^^^^^^^^^^^^^
  File "C:\Users\f134s\.virtualenvs\Study_Django-XRlrXM7B\Lib\site-packages\django\template\base.py", line 1005, in render
    return SafeString("".join([node.render_annotated(context) for node in self]))
                              ^^^^^^^^^^^^^^^^^^^^^^^^^^^^^^^^^^^^^^^^^^^^^^^^^
  File "C:\Users\f134s\.virtualenvs\Study_Django-XRlrXM7B\Lib\site-packages\django\template\base.py", line 1005, in <listcomp>
    return SafeString("".join([node.render_annotated(context) for node in self]))
                               ^^^^^^^^^^^^^^^^^^^^^^^^^^^^^^
  File "C:\Users\f134s\.virtualenvs\Study_Django-XRlrXM7B\Lib\site-packages\django\template\base.py", line 966, in render_annotated
    return self.render(context)
           ^^^^^^^^^^^^^^^^^^^^
  File "C:\Users\f134s\.virtualenvs\Study_Django-XRlrXM7B\Lib\site-packages\django\template\loader_tags.py", line 157, in render
    return compiled_parent._render(context)
           ^^^^^^^^^^^^^^^^^^^^^^^^^^^^^^^^
  File "C:\Users\f134s\.virtualenvs\Study_Django-XRlrXM7B\Lib\site-packages\django\template\base.py", line 167, in _render
    return self.nodelist.render(context)
           ^^^^^^^^^^^^^^^^^^^^^^^^^^^^^
  File "C:\Users\f134s\.virtualenvs\Study_Django-XRlrXM7B\Lib\site-packages\django\template\base.py", line 1005, in render
    return SafeString("".join([node.render_annotated(context) for node in self]))
                              ^^^^^^^^^^^^^^^^^^^^^^^^^^^^^^^^^^^^^^^^^^^^^^^^^
  File "C:\Users\f134s\.virtualenvs\Study_Django-XRlrXM7B\Lib\site-packages\django\template\base.py", line 1005, in <listcomp>
    return SafeString("".join([node.render_annotated(context) for node in self]))
                               ^^^^^^^^^^^^^^^^^^^^^^^^^^^^^^
  File "C:\Users\f134s\.virtualenvs\Study_Django-XRlrXM7B\Lib\site-packages\django\template\base.py", line 966, in render_annotated
    return self.render(context)
           ^^^^^^^^^^^^^^^^^^^^
  File "C:\Users\f134s\.virtualenvs\Study_Django-XRlrXM7B\Lib\site-packages\django\template\loader_tags.py", line 63, in render
    result = block.nodelist.render(context)
             ^^^^^^^^^^^^^^^^^^^^^^^^^^^^^^
  File "C:\Users\f134s\.virtualenvs\Study_Django-XRlrXM7B\Lib\site-packages\django\template\base.py", line 1005, in render
    return SafeString("".join([node.render_annotated(context) for node in self]))
                              ^^^^^^^^^^^^^^^^^^^^^^^^^^^^^^^^^^^^^^^^^^^^^^^^^
  File "C:\Users\f134s\.virtualenvs\Study_Django-XRlrXM7B\Lib\site-packages\django\template\base.py", line 1005, in <listcomp>
    return SafeString("".join([node.render_annotated(context) for node in self]))
                               ^^^^^^^^^^^^^^^^^^^^^^^^^^^^^^
  File "C:\Users\f134s\.virtualenvs\Study_Django-XRlrXM7B\Lib\site-packages\django\template\base.py", line 966, in render_annotated
    return self.render(context)
           ^^^^^^^^^^^^^^^^^^^^
  File "C:\Users\f134s\.virtualenvs\Study_Django-XRlrXM7B\Lib\site-packages\django\template\defaulttags.py", line 194, in render
    len_values = len(values)
                 ^^^^^^^^^^^
  File "C:\Users\f134s\.virtualenvs\Study_Django-XRlrXM7B\Lib\site-packages\django\db\models\query.py", line 380, in __len__
    self._fetch_all()
  File "C:\Users\f134s\.virtualenvs\Study_Django-XRlrXM7B\Lib\site-packages\django\db\models\query.py", line 1881, in _fetch_all
    self._result_cache = list(self._iterable_class(self))
                         ^^^^^^^^^^^^^^^^^^^^^^^^^^^^^^^^
  File "C:\Users\f134s\.virtualenvs\Study_Django-XRlrXM7B\Lib\site-packages\django\db\models\query.py", line 91, in __iter__
    results = compiler.execute_sql(
              ^^^^^^^^^^^^^^^^^^^^^
  File "C:\Users\f134s\.virtualenvs\Study_Django-XRlrXM7B\Lib\site-packages\django\db\models\sql\compiler.py", line 1562, in execute_sql
    cursor.execute(sql, params)
  File "C:\Users\f134s\.virtualenvs\Study_Django-XRlrXM7B\Lib\site-packages\django\db\backends\utils.py", line 102, in execute
    return super().execute(sql, params)
           ^^^^^^^^^^^^^^^^^^^^^^^^^^^^
  File "C:\Users\f134s\.virtualenvs\Study_Django-XRlrXM7B\Lib\site-packages\django\db\backends\utils.py", line 67, in execute
    return self._execute_with_wrappers(
           ^^^^^^^^^^^^^^^^^^^^^^^^^^^^
  File "C:\Users\f134s\.virtualenvs\Study_Django-XRlrXM7B\Lib\site-packages\django\db\backends\utils.py", line 80, in _execute_with_wrappers
    return executor(sql, params, many, context)
           ^^^^^^^^^^^^^^^^^^^^^^^^^^^^^^^^^^^^
  File "C:\Users\f134s\.virtualenvs\Study_Django-XRlrXM7B\Lib\site-packages\django\db\backends\utils.py", line 84, in _execute
    with self.db.wrap_database_errors:
  File "C:\Users\f134s\.virtualenvs\Study_Django-XRlrXM7B\Lib\site-packages\django\db\utils.py", line 91, in __exit__
    raise dj_exc_value.with_traceback(traceback) from exc_value
  File "C:\Users\f134s\.virtualenvs\Study_Django-XRlrXM7B\Lib\site-packages\django\db\backends\utils.py", line 89, in _execute
    return self.cursor.execute(sql, params)
           ^^^^^^^^^^^^^^^^^^^^^^^^^^^^^^^^
  File "C:\Users\f134s\.virtualenvs\Study_Django-XRlrXM7B\Lib\site-packages\django\db\backends\sqlite3\base.py", line 328, in execute
    return super().execute(query, params)
           ^^^^^^^^^^^^^^^^^^^^^^^^^^^^^^
django.db.utils.OperationalError: no such column: online_store_order.products
"GET /online_store/orders/1 HTTP/1.1" 500 206876
D:\dev\study\Study_Django\seminars\seminars_project\online_store\models.py changed, reloading.
Watching for file changes with StatReloader
"GET /online_store/orders/1 HTTP/1.1" 200 669
D:\dev\study\Study_Django\seminars\seminars_project\online_store\views.py changed, reloading.
Watching for file changes with StatReloader
"GET /online_store/orders/1 HTTP/1.1" 200 669
"GET /online_store/orders/1 HTTP/1.1" 200 669
D:\dev\study\Study_Django\seminars\seminars_project\online_store\views.py changed, reloading.
Watching for file changes with StatReloader
D:\dev\study\Study_Django\seminars\seminars_project\online_store\views.py changed, reloading.
Watching for file changes with StatReloader
"GET /online_store/orders/1 HTTP/1.1" 200 2124
D:\dev\study\Study_Django\seminars\seminars_project\online_store\views.py changed, reloading.
Watching for file changes with StatReloader
Internal Server Error: /online_store/orders/1
Traceback (most recent call last):
  File "C:\Users\f134s\.virtualenvs\Study_Django-XRlrXM7B\Lib\site-packages\django\core\handlers\exception.py", line 55, in inner
    response = get_response(request)
               ^^^^^^^^^^^^^^^^^^^^^
  File "C:\Users\f134s\.virtualenvs\Study_Django-XRlrXM7B\Lib\site-packages\django\core\handlers\base.py", line 197, in _get_response
    response = wrapped_callback(request, *callback_args, **callback_kwargs)
               ^^^^^^^^^^^^^^^^^^^^^^^^^^^^^^^^^^^^^^^^^^^^^^^^^^^^^^^^^^^^
  File "D:\dev\study\Study_Django\seminars\seminars_project\online_store\views.py", line 5, in get_orders
    orders = Order.objects.filter(client__pk=client_id)
             ^^^^^^^^^^^^^^^^^^^^^^^^^^^^^^^^^^^^^^^^^^
  File "C:\Users\f134s\.virtualenvs\Study_Django-XRlrXM7B\Lib\site-packages\django\db\models\manager.py", line 87, in manager_method
    return getattr(self.get_queryset(), name)(*args, **kwargs)
           ^^^^^^^^^^^^^^^^^^^^^^^^^^^^^^^^^^^^^^^^^^^^^^^^^^^
  File "C:\Users\f134s\.virtualenvs\Study_Django-XRlrXM7B\Lib\site-packages\django\db\models\query.py", line 1436, in filter
    return self._filter_or_exclude(False, args, kwargs)
           ^^^^^^^^^^^^^^^^^^^^^^^^^^^^^^^^^^^^^^^^^^^^
  File "C:\Users\f134s\.virtualenvs\Study_Django-XRlrXM7B\Lib\site-packages\django\db\models\query.py", line 1454, in _filter_or_exclude
    clone._filter_or_exclude_inplace(negate, args, kwargs)
  File "C:\Users\f134s\.virtualenvs\Study_Django-XRlrXM7B\Lib\site-packages\django\db\models\query.py", line 1461, in _filter_or_exclude_inplace
    self._query.add_q(Q(*args, **kwargs))
  File "C:\Users\f134s\.virtualenvs\Study_Django-XRlrXM7B\Lib\site-packages\django\db\models\sql\query.py", line 1545, in add_q
    clause, _ = self._add_q(q_object, self.used_aliases)
                ^^^^^^^^^^^^^^^^^^^^^^^^^^^^^^^^^^^^^^^^
  File "C:\Users\f134s\.virtualenvs\Study_Django-XRlrXM7B\Lib\site-packages\django\db\models\sql\query.py", line 1576, in _add_q
    child_clause, needed_inner = self.build_filter(
                                 ^^^^^^^^^^^^^^^^^^
  File "C:\Users\f134s\.virtualenvs\Study_Django-XRlrXM7B\Lib\site-packages\django\db\models\sql\query.py", line 1426, in build_filter
    lookups, parts, reffed_expression = self.solve_lookup_type(arg, summarize)
                                        ^^^^^^^^^^^^^^^^^^^^^^^^^^^^^^^^^^^^^^
  File "C:\Users\f134s\.virtualenvs\Study_Django-XRlrXM7B\Lib\site-packages\django\db\models\sql\query.py", line 1236, in solve_lookup_type
    _, field, _, lookup_parts = self.names_to_path(lookup_splitted, self.get_meta())
                                ^^^^^^^^^^^^^^^^^^^^^^^^^^^^^^^^^^^^^^^^^^^^^^^^^^^^
  File "C:\Users\f134s\.virtualenvs\Study_Django-XRlrXM7B\Lib\site-packages\django\db\models\sql\query.py", line 1724, in names_to_path
    raise FieldError(
django.core.exceptions.FieldError: Cannot resolve keyword 'client' into field. Choices are: customer, customer_id, date_ordered, id, orderitem, products, total_price
"GET /online_store/orders/1 HTTP/1.1" 500 110844
D:\dev\study\Study_Django\seminars\seminars_project\online_store\views.py changed, reloading.
Watching for file changes with StatReloader
Internal Server Error: /online_store/orders/1
Traceback (most recent call last):
  File "C:\Users\f134s\.virtualenvs\Study_Django-XRlrXM7B\Lib\site-packages\django\core\handlers\exception.py", line 55, in inner
    response = get_response(request)
               ^^^^^^^^^^^^^^^^^^^^^
  File "C:\Users\f134s\.virtualenvs\Study_Django-XRlrXM7B\Lib\site-packages\django\core\handlers\base.py", line 197, in _get_response
    response = wrapped_callback(request, *callback_args, **callback_kwargs)
               ^^^^^^^^^^^^^^^^^^^^^^^^^^^^^^^^^^^^^^^^^^^^^^^^^^^^^^^^^^^^
  File "D:\dev\study\Study_Django\seminars\seminars_project\online_store\views.py", line 5, in get_orders
    orders = OrderItem.objects.filter(customer__pk=client_id)
             ^^^^^^^^^^^^^^^^^^^^^^^^^^^^^^^^^^^^^^^^^^^^^^^^
  File "C:\Users\f134s\.virtualenvs\Study_Django-XRlrXM7B\Lib\site-packages\django\db\models\manager.py", line 87, in manager_method
    return getattr(self.get_queryset(), name)(*args, **kwargs)
           ^^^^^^^^^^^^^^^^^^^^^^^^^^^^^^^^^^^^^^^^^^^^^^^^^^^
  File "C:\Users\f134s\.virtualenvs\Study_Django-XRlrXM7B\Lib\site-packages\django\db\models\query.py", line 1436, in filter
    return self._filter_or_exclude(False, args, kwargs)
           ^^^^^^^^^^^^^^^^^^^^^^^^^^^^^^^^^^^^^^^^^^^^
  File "C:\Users\f134s\.virtualenvs\Study_Django-XRlrXM7B\Lib\site-packages\django\db\models\query.py", line 1454, in _filter_or_exclude
    clone._filter_or_exclude_inplace(negate, args, kwargs)
  File "C:\Users\f134s\.virtualenvs\Study_Django-XRlrXM7B\Lib\site-packages\django\db\models\query.py", line 1461, in _filter_or_exclude_inplace
    self._query.add_q(Q(*args, **kwargs))
  File "C:\Users\f134s\.virtualenvs\Study_Django-XRlrXM7B\Lib\site-packages\django\db\models\sql\query.py", line 1545, in add_q
    clause, _ = self._add_q(q_object, self.used_aliases)
                ^^^^^^^^^^^^^^^^^^^^^^^^^^^^^^^^^^^^^^^^
  File "C:\Users\f134s\.virtualenvs\Study_Django-XRlrXM7B\Lib\site-packages\django\db\models\sql\query.py", line 1576, in _add_q
    child_clause, needed_inner = self.build_filter(
                                 ^^^^^^^^^^^^^^^^^^
  File "C:\Users\f134s\.virtualenvs\Study_Django-XRlrXM7B\Lib\site-packages\django\db\models\sql\query.py", line 1426, in build_filter
    lookups, parts, reffed_expression = self.solve_lookup_type(arg, summarize)
                                        ^^^^^^^^^^^^^^^^^^^^^^^^^^^^^^^^^^^^^^
  File "C:\Users\f134s\.virtualenvs\Study_Django-XRlrXM7B\Lib\site-packages\django\db\models\sql\query.py", line 1236, in solve_lookup_type
    _, field, _, lookup_parts = self.names_to_path(lookup_splitted, self.get_meta())
                                ^^^^^^^^^^^^^^^^^^^^^^^^^^^^^^^^^^^^^^^^^^^^^^^^^^^^
  File "C:\Users\f134s\.virtualenvs\Study_Django-XRlrXM7B\Lib\site-packages\django\db\models\sql\query.py", line 1724, in names_to_path
    raise FieldError(
django.core.exceptions.FieldError: Cannot resolve keyword 'customer' into field. Choices are: id, order, order_id, price, product, product_id, quantity
"GET /online_store/orders/1 HTTP/1.1" 500 114126
Internal Server Error: /online_store/orders/1
Traceback (most recent call last):
  File "C:\Users\f134s\.virtualenvs\Study_Django-XRlrXM7B\Lib\site-packages\django\core\handlers\exception.py", line 55, in inner
    response = get_response(request)
               ^^^^^^^^^^^^^^^^^^^^^
  File "C:\Users\f134s\.virtualenvs\Study_Django-XRlrXM7B\Lib\site-packages\django\core\handlers\base.py", line 197, in _get_response
    response = wrapped_callback(request, *callback_args, **callback_kwargs)
               ^^^^^^^^^^^^^^^^^^^^^^^^^^^^^^^^^^^^^^^^^^^^^^^^^^^^^^^^^^^^
  File "D:\dev\study\Study_Django\seminars\seminars_project\online_store\views.py", line 5, in get_orders
    orders = OrderItem.objects.filter(order__customer__pk=client_id)
             ^^^^^^^^^^^^^^^^^^^^^^^^^^^^^^^^^^^^^^^^^^^^^^^^
  File "C:\Users\f134s\.virtualenvs\Study_Django-XRlrXM7B\Lib\site-packages\django\db\models\manager.py", line 87, in manager_method
    return getattr(self.get_queryset(), name)(*args, **kwargs)
           ^^^^^^^^^^^^^^^^^^^^^^^^^^^^^^^^^^^^^^^^^^^^^^^^^^^
  File "C:\Users\f134s\.virtualenvs\Study_Django-XRlrXM7B\Lib\site-packages\django\db\models\query.py", line 1436, in filter
    return self._filter_or_exclude(False, args, kwargs)
           ^^^^^^^^^^^^^^^^^^^^^^^^^^^^^^^^^^^^^^^^^^^^
  File "C:\Users\f134s\.virtualenvs\Study_Django-XRlrXM7B\Lib\site-packages\django\db\models\query.py", line 1454, in _filter_or_exclude
    clone._filter_or_exclude_inplace(negate, args, kwargs)
  File "C:\Users\f134s\.virtualenvs\Study_Django-XRlrXM7B\Lib\site-packages\django\db\models\query.py", line 1461, in _filter_or_exclude_inplace
    self._query.add_q(Q(*args, **kwargs))
  File "C:\Users\f134s\.virtualenvs\Study_Django-XRlrXM7B\Lib\site-packages\django\db\models\sql\query.py", line 1545, in add_q
    clause, _ = self._add_q(q_object, self.used_aliases)
                ^^^^^^^^^^^^^^^^^^^^^^^^^^^^^^^^^^^^^^^^
  File "C:\Users\f134s\.virtualenvs\Study_Django-XRlrXM7B\Lib\site-packages\django\db\models\sql\query.py", line 1576, in _add_q
    child_clause, needed_inner = self.build_filter(
                                 ^^^^^^^^^^^^^^^^^^
  File "C:\Users\f134s\.virtualenvs\Study_Django-XRlrXM7B\Lib\site-packages\django\db\models\sql\query.py", line 1426, in build_filter
    lookups, parts, reffed_expression = self.solve_lookup_type(arg, summarize)
                                        ^^^^^^^^^^^^^^^^^^^^^^^^^^^^^^^^^^^^^^
  File "C:\Users\f134s\.virtualenvs\Study_Django-XRlrXM7B\Lib\site-packages\django\db\models\sql\query.py", line 1236, in solve_lookup_type
    _, field, _, lookup_parts = self.names_to_path(lookup_splitted, self.get_meta())
                                ^^^^^^^^^^^^^^^^^^^^^^^^^^^^^^^^^^^^^^^^^^^^^^^^^^^^
  File "C:\Users\f134s\.virtualenvs\Study_Django-XRlrXM7B\Lib\site-packages\django\db\models\sql\query.py", line 1724, in names_to_path
    raise FieldError(
django.core.exceptions.FieldError: Cannot resolve keyword 'customer' into field. Choices are: id, order, order_id, price, product, product_id, quantity
"GET /online_store/orders/1 HTTP/1.1" 500 114140
D:\dev\study\Study_Django\seminars\seminars_project\online_store\views.py changed, reloading.
Watching for file changes with StatReloader
"GET /online_store/orders/1 HTTP/1.1" 200 1227
D:\dev\study\Study_Django\seminars\seminars_project\online_store\views.py changed, reloading.
Watching for file changes with StatReloader
"GET /online_store/orders/1 HTTP/1.1" 200 422
"GET /online_store/orders/1 HTTP/1.1" 200 423
"GET /online_store/orders/1 HTTP/1.1" 200 423
"GET /online_store/orders/1 HTTP/1.1" 200 423
"GET /online_store/orders/2 HTTP/1.1" 200 1412
D:\dev\study\Study_Django\seminars\seminars_project\online_store\views.py changed, reloading.
Watching for file changes with StatReloader
Internal Server Error: /online_store/orders/2
Traceback (most recent call last):
  File "C:\Users\f134s\.virtualenvs\Study_Django-XRlrXM7B\Lib\site-packages\django\core\handlers\exception.py", line 55, in inner
    response = get_response(request)
               ^^^^^^^^^^^^^^^^^^^^^
  File "C:\Users\f134s\.virtualenvs\Study_Django-XRlrXM7B\Lib\site-packages\django\core\handlers\base.py", line 197, in _get_response
    response = wrapped_callback(request, *callback_args, **callback_kwargs)
               ^^^^^^^^^^^^^^^^^^^^^^^^^^^^^^^^^^^^^^^^^^^^^^^^^^^^^^^^^^^^
  File "D:\dev\study\Study_Django\seminars\seminars_project\online_store\views.py", line 5, in get_orders
    orders = OrderItem.objects.select_related(order__pk=client_id)
             ^^^^^^^^^^^^^^^^^^^^^^^^^^^^^^^^^^^^^^^^^^^^^^^^^^^^^
  File "C:\Users\f134s\.virtualenvs\Study_Django-XRlrXM7B\Lib\site-packages\django\db\models\manager.py", line 87, in manager_method
    return getattr(self.get_queryset(), name)(*args, **kwargs)
           ^^^^^^^^^^^^^^^^^^^^^^^^^^^^^^^^^^^^^^^^^^^^^^^^^^^
TypeError: QuerySet.select_related() got an unexpected keyword argument 'order__pk'
"GET /online_store/orders/2 HTTP/1.1" 500 69269
D:\dev\study\Study_Django\seminars\seminars_project\online_store\views.py changed, reloading.
Watching for file changes with StatReloader
Internal Server Error: /online_store/orders/2
Traceback (most recent call last):
  File "C:\Users\f134s\.virtualenvs\Study_Django-XRlrXM7B\Lib\site-packages\django\core\handlers\exception.py", line 55, in inner
    response = get_response(request)
               ^^^^^^^^^^^^^^^^^^^^^
  File "C:\Users\f134s\.virtualenvs\Study_Django-XRlrXM7B\Lib\site-packages\django\core\handlers\base.py", line 197, in _get_response
    response = wrapped_callback(request, *callback_args, **callback_kwargs)
               ^^^^^^^^^^^^^^^^^^^^^^^^^^^^^^^^^^^^^^^^^^^^^^^^^^^^^^^^^^^^
  File "D:\dev\study\Study_Django\seminars\seminars_project\online_store\views.py", line 5, in get_orders
    orders = OrderItem.objects.select_related(order__id=client_id)
             ^^^^^^^^^^^^^^^^^^^^^^^^^^^^^^^^^^^^^^^^^^^^^^^^^^^^^
  File "C:\Users\f134s\.virtualenvs\Study_Django-XRlrXM7B\Lib\site-packages\django\db\models\manager.py", line 87, in manager_method
    return getattr(self.get_queryset(), name)(*args, **kwargs)
           ^^^^^^^^^^^^^^^^^^^^^^^^^^^^^^^^^^^^^^^^^^^^^^^^^^^
TypeError: QuerySet.select_related() got an unexpected keyword argument 'order__id'
"GET /online_store/orders/2 HTTP/1.1" 500 69269
D:\dev\study\Study_Django\seminars\seminars_project\online_store\views.py changed, reloading.
Watching for file changes with StatReloader
D:\dev\study\Study_Django\seminars\seminars_project\online_store\views.py changed, reloading.
Watching for file changes with StatReloader
D:\dev\study\Study_Django\seminars\seminars_project\online_store\views.py changed, reloading.
Watching for file changes with StatReloader
D:\dev\study\Study_Django\seminars\seminars_project\online_store\views.py changed, reloading.
Watching for file changes with StatReloader
